<?xml version="1.0" encoding="utf-8"?>
<TestRun id="b5444658-4e53-42f0-a12d-62b4c7b69649" name="crist@HOME-PC 2026-09-10 10:34:09" runUser="HOME-PC\crist" xmlns="http://microsoft.com/schemas/VisualStudio/TeamTest/2010">
  <Times creation="2026-09-10T10:34:09.6380542+10:00" queuing="2026-09-10T10:34:09.6380544+10:00" start="2026-09-10T10:34:09.2944507+10:00" finish="2026-09-10T10:34:10.9678455+10:00" />
  <TestSettings name="default" id="c532c3c9-16d6-4f21-8dad-6f51bfe069fa">
    <Deployment runDeploymentRoot="crist_HOME-PC_2026-09-10_10_34_09" />
  </TestSettings>
  <Results>
    <UnitTestResult executionId="6811d549-14cf-4e77-94d6-58a705455b20" testId="848342d6-6aa0-0c0e-d768-dca76f127bdd" testName="InventoryApi.Tests.Services.NayaxProcessingFeeServiceTests.ResolveNayaxFeeRate_uses_exact_effective_date" computerName="HOME-PC" duration="00:00:00.0001276" startTime="2026-09-10T10:34:10.0821182+10:00" endTime="2026-09-10T10:34:10.0821182+10:00" testType="13cdc9d9-ddb5-4fa4-a97d-d965ccfc6d4b" outcome="Passed" testListId="8c84fa94-04c1-424b-9868-57a2d4851a1d" relativeResultsDirectory="6811d549-14cf-4e77-94d6-58a705455b20" />
    <UnitTestResult executionId="ba04567e-99ae-4f97-986b-e91cd356f935" testId="096d5d0b-b7b4-73a9-9ebc-190776a9f866" testName="InventoryApi.Tests.Services.ProductServiceTests.Create_Update_Delete_Product_And_StockAdjustment_Created" computerName="HOME-PC" duration="00:00:00.4541203" startTime="2026-09-10T10:34:10.0741908+10:00" endTime="2026-09-10T10:34:10.0741909+10:00" testType="13cdc9d9-ddb5-4fa4-a97d-d965ccfc6d4b" outcome="Passed" testListId="8c84fa94-04c1-424b-9868-57a2d4851a1d" relativeResultsDirectory="ba04567e-99ae-4f97-986b-e91cd356f935" />
    <UnitTestResult executionId="b0d35efe-5d21-41e3-9bd7-e02fd39b73bf" testId="fdb52f5b-7488-bf43-3b19-1c5e3a523785" testName="InventoryApi.Tests.Services.StockServiceTests.Machine_refill_decreases_stock_without_changing_average_cost" computerName="HOME-PC" duration="00:00:00.0021584" startTime="2026-09-10T10:34:10.1147468+10:00" endTime="2026-09-10T10:34:10.1147469+10:00" testType="13cdc9d9-ddb5-4fa4-a97d-d965ccfc6d4b" outcome="Failed" testListId="8c84fa94-04c1-424b-9868-57a2d4851a1d" relativeResultsDirectory="b0d35efe-5d21-41e3-9bd7-e02fd39b73bf">
      <Output>
        <ErrorInfo>
          <Message>InventoryApi.Services.InventoryCostDataQualityException : Product 1 becomes physically negative at stock adjustment 1. Product 1 stored physical quantity 26 does not reconcile to its movement history (-8).</Message>
          <StackTrace>   at InventoryApi.Services.InventoryCostRebuildService.ThrowIfFatal(InventoryCostRebuildResult result) in C:\Users\crist\source\InventoryApp2\InventoryApp\backend\InventoryApi\Services\InventoryCostRebuildService.cs:line 255&#xD;
   at InventoryApi.Services.InventoryCostRebuildService.RebuildAsync(Int64 productId, Nullable`1 recostCompletedSalesFrom, Boolean dryRun, CancellationToken cancellationToken) in C:\Users\crist\source\InventoryApp2\InventoryApp\backend\InventoryApi\Services\InventoryCostRebuildService.cs:line 39&#xD;
   at InventoryApi.Services.StockService.Adjust(Int64 productId, StockAdjustmentDto dto) in C:\Users\crist\source\InventoryApp2\InventoryApp\backend\InventoryApi\Services\StockService.cs:line 45&#xD;
   at InventoryApi.Tests.Services.StockServiceTests.Machine_refill_decreases_stock_without_changing_average_cost() in C:\Users\crist\source\InventoryApp2\InventoryApp\backend\InventoryApi.Tests\Services\StockServiceTests.cs:line 71&#xD;
--- End of stack trace from previous location ---</StackTrace>
        </ErrorInfo>
      </Output>
    </UnitTestResult>
    <UnitTestResult executionId="2eedc792-1c6e-4b95-942d-198c0dc1f57b" testId="6735fe78-3e80-dd61-5468-4e775cb55ffe" testName="InventoryApi.Tests.Services.InventoryCostTransitionServiceTests.Apply_preserves_legacy_history_and_rebuilds_only_after_cutoff" computerName="HOME-PC" duration="00:00:00.0516891" startTime="2026-09-10T10:34:10.2201097+10:00" endTime="2026-09-10T10:34:10.2201098+10:00" testType="13cdc9d9-ddb5-4fa4-a97d-d965ccfc6d4b" outcome="Passed" testListId="8c84fa94-04c1-424b-9868-57a2d4851a1d" relativeResultsDirectory="2eedc792-1c6e-4b95-942d-198c0dc1f57b" />
    <UnitTestResult executionId="5f589a80-66e4-4ac1-a4ed-cbe9f338b417" testId="3ec1e3cd-6491-40e7-aceb-2906710bf266" testName="InventoryApi.Tests.Services.InventoryCostRebuildServiceTests.Rebuild_keeps_machine_refills_out_of_business_cost_quantity" computerName="HOME-PC" duration="00:00:00.0016331" startTime="2026-09-10T10:34:10.1223527+10:00" endTime="2026-09-10T10:34:10.1223528+10:00" testType="13cdc9d9-ddb5-4fa4-a97d-d965ccfc6d4b" outcome="Failed" testListId="8c84fa94-04c1-424b-9868-57a2d4851a1d" relativeResultsDirectory="5f589a80-66e4-4ac1-a4ed-cbe9f338b417">
      <Output>
        <ErrorInfo>
          <Message>InventoryApi.Services.InventoryCostDataQualityException : Product 1 stored physical quantity 0 does not reconcile to its movement history (12).</Message>
          <StackTrace>   at InventoryApi.Services.InventoryCostRebuildService.ThrowIfFatal(InventoryCostRebuildResult result) in C:\Users\crist\source\InventoryApp2\InventoryApp\backend\InventoryApi\Services\InventoryCostRebuildService.cs:line 255&#xD;
   at InventoryApi.Services.InventoryCostRebuildService.RebuildAsync(Int64 productId, Nullable`1 recostCompletedSalesFrom, Boolean dryRun, CancellationToken cancellationToken) in C:\Users\crist\source\InventoryApp2\InventoryApp\backend\InventoryApi\Services\InventoryCostRebuildService.cs:line 39&#xD;
   at InventoryApi.Tests.Services.InventoryCostRebuildServiceTests.Rebuild_keeps_machine_refills_out_of_business_cost_quantity() in C:\Users\crist\source\InventoryApp2\InventoryApp\backend\InventoryApi.Tests\Services\InventoryCostRebuildServiceTests.cs:line 25&#xD;
   at InventoryApi.Tests.Services.InventoryCostRebuildServiceTests.Rebuild_keeps_machine_refills_out_of_business_cost_quantity() in C:\Users\crist\source\InventoryApp2\InventoryApp\backend\InventoryApi.Tests\Services\InventoryCostRebuildServiceTests.cs:line 36&#xD;
--- End of stack trace from previous location ---</StackTrace>
        </ErrorInfo>
      </Output>
    </UnitTestResult>
    <UnitTestResult executionId="2abd0a89-643d-4970-99c0-c39852969612" testId="a16c2cb3-cbff-a5ae-fb16-06a8396fca8f" testName="InventoryApi.Tests.Services.InventoryCostTransitionServiceTests.Preview_and_apply_all_creates_one_atomic_baseline_per_eligible_product" computerName="HOME-PC" duration="00:00:00.0349842" startTime="2026-09-10T10:34:10.2551316+10:00" endTime="2026-09-10T10:34:10.2551317+10:00" testType="13cdc9d9-ddb5-4fa4-a97d-d965ccfc6d4b" outcome="Passed" testListId="8c84fa94-04c1-424b-9868-57a2d4851a1d" relativeResultsDirectory="2abd0a89-643d-4970-99c0-c39852969612" />
    <UnitTestResult executionId="334e62d2-cab3-4486-9299-a3e07651cc11" testId="bc7a0983-692e-7e7f-2c97-db60e6460fa2" testName="InventoryApi.Tests.Services.MachineProfitabilityTests.Product_pricing_uses_site_agreement_instead_of_nayax_commission" computerName="HOME-PC" duration="00:00:00.0016405" startTime="2026-09-10T10:34:10.0828601+10:00" endTime="2026-09-10T10:34:10.0828602+10:00" testType="13cdc9d9-ddb5-4fa4-a97d-d965ccfc6d4b" outcome="Passed" testListId="8c84fa94-04c1-424b-9868-57a2d4851a1d" relativeResultsDirectory="334e62d2-cab3-4486-9299-a3e07651cc11" />
    <UnitTestResult executionId="3921436f-3779-45f6-97c0-3088179ee9de" testId="b8e66960-d789-86c3-dd83-6c1a5339b84f" testName="InventoryApi.Tests.Services.SiteCommissionCalculatorTests.Sales_ex_gst_commission_uses_existing_gst_calculation" computerName="HOME-PC" duration="00:00:00.0001597" startTime="2026-09-10T10:34:09.6316487+10:00" endTime="2026-09-10T10:34:09.6316487+10:00" testType="13cdc9d9-ddb5-4fa4-a97d-d965ccfc6d4b" outcome="Passed" testListId="8c84fa94-04c1-424b-9868-57a2d4851a1d" relativeResultsDirectory="3921436f-3779-45f6-97c0-3088179ee9de" />
    <UnitTestResult executionId="5f785b1c-73c2-485c-b84f-1728907776d5" testId="6bd5d679-23e2-1932-d755-291e2a35c2de" testName="InventoryApi.Tests.Services.InventoryCostRebuildServiceTests.Rebuild_historical_purchase_change_recosts_later_sales_and_purchases" computerName="HOME-PC" duration="00:00:00.0022839" startTime="2026-09-10T10:34:10.1180596+10:00" endTime="2026-09-10T10:34:10.1180597+10:00" testType="13cdc9d9-ddb5-4fa4-a97d-d965ccfc6d4b" outcome="Failed" testListId="8c84fa94-04c1-424b-9868-57a2d4851a1d" relativeResultsDirectory="5f785b1c-73c2-485c-b84f-1728907776d5">
      <Output>
        <ErrorInfo>
          <Message>InventoryApi.Services.InventoryCostDataQualityException : Product 1 stored physical quantity 0 does not reconcile to its movement history (20).</Message>
          <StackTrace>   at InventoryApi.Services.InventoryCostRebuildService.ThrowIfFatal(InventoryCostRebuildResult result) in C:\Users\crist\source\InventoryApp2\InventoryApp\backend\InventoryApi\Services\InventoryCostRebuildService.cs:line 255&#xD;
   at InventoryApi.Services.InventoryCostRebuildService.RebuildAsync(Int64 productId, Nullable`1 recostCompletedSalesFrom, Boolean dryRun, CancellationToken cancellationToken) in C:\Users\crist\source\InventoryApp2\InventoryApp\backend\InventoryApi\Services\InventoryCostRebuildService.cs:line 39&#xD;
   at InventoryApi.Tests.Services.InventoryCostRebuildServiceTests.Rebuild_historical_purchase_change_recosts_later_sales_and_purchases() in C:\Users\crist\source\InventoryApp2\InventoryApp\backend\InventoryApi.Tests\Services\InventoryCostRebuildServiceTests.cs:line 116&#xD;
   at InventoryApi.Tests.Services.InventoryCostRebuildServiceTests.Rebuild_historical_purchase_change_recosts_later_sales_and_purchases() in C:\Users\crist\source\InventoryApp2\InventoryApp\backend\InventoryApi.Tests\Services\InventoryCostRebuildServiceTests.cs:line 125&#xD;
--- End of stack trace from previous location ---</StackTrace>
        </ErrorInfo>
      </Output>
    </UnitTestResult>
    <UnitTestResult executionId="bdbb3246-60f9-4b3f-8082-cb3dd58ff784" testId="02dabb96-8922-084f-7d96-42ca23e7a1bc" testName="InventoryApi.Tests.Services.NayaxProcessingFeeServiceTests.ResolveNayaxFeeRate_is_independent_of_input_order" computerName="HOME-PC" duration="00:00:00.0005771" startTime="2026-09-10T10:34:10.1542891+10:00" endTime="2026-09-10T10:34:10.1542892+10:00" testType="13cdc9d9-ddb5-4fa4-a97d-d965ccfc6d4b" outcome="Passed" testListId="8c84fa94-04c1-424b-9868-57a2d4851a1d" relativeResultsDirectory="bdbb3246-60f9-4b3f-8082-cb3dd58ff784" />
    <UnitTestResult executionId="8aa5ae31-fcac-451e-85c3-6fe4ba55e652" testId="a35899fc-3553-ece7-041e-405f4f04df25" testName="InventoryApi.Tests.Services.ReportingServiceTests.Product_profitability_maps_unmapped_nayax_product_by_name_before_parenthesis" computerName="HOME-PC" duration="00:00:00.0014939" startTime="2026-09-10T10:34:10.8215509+10:00" endTime="2026-09-10T10:34:10.8215510+10:00" testType="13cdc9d9-ddb5-4fa4-a97d-d965ccfc6d4b" outcome="Passed" testListId="8c84fa94-04c1-424b-9868-57a2d4851a1d" relativeResultsDirectory="8aa5ae31-fcac-451e-85c3-6fe4ba55e652" />
    <UnitTestResult executionId="d1653517-c023-448a-98ff-8afb02eb3231" testId="87b3fc61-1bee-e47c-4da9-b6703eead441" testName="InventoryApi.Tests.Services.ReportingServiceTests.Product_profitability_classifies_revenue_with_centralized_payment_classifier" computerName="HOME-PC" duration="00:00:00.0670645" startTime="2026-09-10T10:34:10.9238826+10:00" endTime="2026-09-10T10:34:10.9238828+10:00" testType="13cdc9d9-ddb5-4fa4-a97d-d965ccfc6d4b" outcome="Passed" testListId="8c84fa94-04c1-424b-9868-57a2d4851a1d" relativeResultsDirectory="d1653517-c023-448a-98ff-8afb02eb3231" />
    <UnitTestResult executionId="8e6e2712-fed7-460b-91d5-7e8cd0263a0a" testId="0b5b743c-0908-5980-754d-5727125610ca" testName="InventoryApi.Tests.Services.NayaxTransactionStatusTests.Classifier_maps_raw_status_ids(statusId: 80, expected: Pending)" computerName="HOME-PC" duration="00:00:00.0000067" startTime="2026-09-10T10:34:09.6312427+10:00" endTime="2026-09-10T10:34:09.6312427+10:00" testType="13cdc9d9-ddb5-4fa4-a97d-d965ccfc6d4b" outcome="Passed" testListId="8c84fa94-04c1-424b-9868-57a2d4851a1d" relativeResultsDirectory="8e6e2712-fed7-460b-91d5-7e8cd0263a0a" />
    <UnitTestResult executionId="e5683c2c-edaa-4e21-9258-310d10c39cc8" testId="0c776db6-d814-dbbf-2781-a8b51e88697b" testName="InventoryApi.Tests.Services.ReceiptServiceTests.Upload_uses_weighted_average_cost_and_records_cost_ledger" computerName="HOME-PC" duration="00:00:00.0058088" startTime="2026-09-10T10:34:10.1219196+10:00" endTime="2026-09-10T10:34:10.1219198+10:00" testType="13cdc9d9-ddb5-4fa4-a97d-d965ccfc6d4b" outcome="Failed" testListId="8c84fa94-04c1-424b-9868-57a2d4851a1d" relativeResultsDirectory="e5683c2c-edaa-4e21-9258-310d10c39cc8">
      <Output>
        <ErrorInfo>
          <Message>InventoryApi.Services.InventoryCostDataQualityException : Product 1 stored physical quantity 10 does not reconcile to its movement history (34).</Message>
          <StackTrace>   at InventoryApi.Services.InventoryCostRebuildService.ThrowIfFatal(InventoryCostRebuildResult result) in C:\Users\crist\source\InventoryApp2\InventoryApp\backend\InventoryApi\Services\InventoryCostRebuildService.cs:line 255&#xD;
   at InventoryApi.Services.InventoryCostRebuildService.RebuildAsync(Int64 productId, Nullable`1 recostCompletedSalesFrom, Boolean dryRun, CancellationToken cancellationToken) in C:\Users\crist\source\InventoryApp2\InventoryApp\backend\InventoryApi\Services\InventoryCostRebuildService.cs:line 39&#xD;
   at InventoryApi.Services.ReceiptService.RebuildAffectedAsync(IEnumerable`1 affected) in C:\Users\crist\source\InventoryApp2\InventoryApp\backend\InventoryApi\Services\ReceiptService.cs:line 336&#xD;
   at InventoryApi.Services.ReceiptService.Upload(IFormFile file, String title, String notes, Nullable`1 totalAmount, Nullable`1 deliveryCost, Nullable`1 packageCost, Nullable`1 purchaseDate, Nullable`1 supplierId, IReadOnlyList`1 items) in C:\Users\crist\source\InventoryApp2\InventoryApp\backend\InventoryApi\Services\ReceiptService.cs:line 114&#xD;
   at InventoryApi.Services.ReceiptService.Upload(IFormFile file, String title, String notes, Nullable`1 totalAmount, Nullable`1 deliveryCost, Nullable`1 packageCost, Nullable`1 purchaseDate, Nullable`1 supplierId, IReadOnlyList`1 items) in C:\Users\crist\source\InventoryApp2\InventoryApp\backend\InventoryApi\Services\ReceiptService.cs:line 116&#xD;
   at InventoryApi.Tests.Services.ReceiptServiceTests.Upload_uses_weighted_average_cost_and_records_cost_ledger() in C:\Users\crist\source\InventoryApp2\InventoryApp\backend\InventoryApi.Tests\Services\ReceiptServiceTests.cs:line 194&#xD;
--- End of stack trace from previous location ---</StackTrace>
        </ErrorInfo>
      </Output>
    </UnitTestResult>
    <UnitTestResult executionId="a810632f-19b2-46d7-9d6d-e195dfd8f5c1" testId="984d4be6-db8c-fd4e-ac67-2f5ae81fc4fd" testName="InventoryApi.Tests.Services.ReceiptServiceTests.ComputeValidation_empty_items_null_total_no_mismatch" computerName="HOME-PC" duration="00:00:00.0042445" startTime="2026-09-10T10:34:10.2054879+10:00" endTime="2026-09-10T10:34:10.2054880+10:00" testType="13cdc9d9-ddb5-4fa4-a97d-d965ccfc6d4b" outcome="Passed" testListId="8c84fa94-04c1-424b-9868-57a2d4851a1d" relativeResultsDirectory="a810632f-19b2-46d7-9d6d-e195dfd8f5c1" />
    <UnitTestResult executionId="5c8252fe-59ea-4b31-85cb-98c9ac52c6ed" testId="403a4018-1671-b9d5-8ab3-0cc8b9703332" testName="InventoryApi.Tests.Services.NayaxHistoricalCostTests.Transaction_export_contains_raw_applied_and_source_cost_fields" computerName="HOME-PC" duration="00:00:00.0211057" startTime="2026-09-10T10:34:10.2975552+10:00" endTime="2026-09-10T10:34:10.2975553+10:00" testType="13cdc9d9-ddb5-4fa4-a97d-d965ccfc6d4b" outcome="Passed" testListId="8c84fa94-04c1-424b-9868-57a2d4851a1d" relativeResultsDirectory="5c8252fe-59ea-4b31-85cb-98c9ac52c6ed" />
    <UnitTestResult executionId="7aa556ae-0707-4f7d-9f2b-3fca354fcf03" testId="ee7330e2-bdb8-c70d-0cc0-d35857b77b69" testName="InventoryApi.Tests.Services.NayaxHistoricalCostTests.Import_maps_supported_transaction_cost_headers(header: &quot;Product Cost&quot;)" computerName="HOME-PC" duration="00:00:00.0009172" startTime="2026-09-10T10:34:10.2516517+10:00" endTime="2026-09-10T10:34:10.2516518+10:00" testType="13cdc9d9-ddb5-4fa4-a97d-d965ccfc6d4b" outcome="Passed" testListId="8c84fa94-04c1-424b-9868-57a2d4851a1d" relativeResultsDirectory="7aa556ae-0707-4f7d-9f2b-3fca354fcf03" />
    <UnitTestResult executionId="be7ebad5-543b-49b1-b523-0da69ec3ffab" testId="c1505807-0b30-f518-643b-ef886ae7e4a5" testName="InventoryApi.Tests.Services.ReportingServiceTests.Zero_persisted_cost_is_complete_and_non_completed_missing_cost_is_ignored" computerName="HOME-PC" duration="00:00:00.0083307" startTime="2026-09-10T10:34:10.1583678+10:00" endTime="2026-09-10T10:34:10.1583679+10:00" testType="13cdc9d9-ddb5-4fa4-a97d-d965ccfc6d4b" outcome="Passed" testListId="8c84fa94-04c1-424b-9868-57a2d4851a1d" relativeResultsDirectory="be7ebad5-543b-49b1-b523-0da69ec3ffab" />
    <UnitTestResult executionId="b926cb09-46d2-440e-97dc-a4e088cfe66a" testId="fef0226c-b596-5bbd-8f9f-a91895abdf62" testName="InventoryApi.Tests.Services.ReportingServiceTests.Product_profitability_merges_sales_that_map_to_the_same_catalogue_product" computerName="HOME-PC" duration="00:00:00.0158702" startTime="2026-09-10T10:34:10.3024804+10:00" endTime="2026-09-10T10:34:10.3024804+10:00" testType="13cdc9d9-ddb5-4fa4-a97d-d965ccfc6d4b" outcome="Passed" testListId="8c84fa94-04c1-424b-9868-57a2d4851a1d" relativeResultsDirectory="b926cb09-46d2-440e-97dc-a4e088cfe66a" />
    <UnitTestResult executionId="fe86f4b5-8a1d-4a89-ad8c-46d2407c5b29" testId="511ae24c-f444-0a81-e918-ee7be5389725" testName="InventoryApi.Tests.Services.NayaxHistoricalCostTests.Import_maps_supported_transaction_cost_headers(header: &quot;ProductCost&quot;)" computerName="HOME-PC" duration="00:00:00.1513343" startTime="2026-09-10T10:34:10.2468255+10:00" endTime="2026-09-10T10:34:10.2468257+10:00" testType="13cdc9d9-ddb5-4fa4-a97d-d965ccfc6d4b" outcome="Passed" testListId="8c84fa94-04c1-424b-9868-57a2d4851a1d" relativeResultsDirectory="fe86f4b5-8a1d-4a89-ad8c-46d2407c5b29" />
    <UnitTestResult executionId="225e3490-734d-4fd2-b75a-c802eb309774" testId="0ea4358e-f5b5-52e0-56e2-cd7f7f4e9989" testName="InventoryApi.Tests.Services.NayaxHistoricalCostTests.Declined_sale_keeps_raw_cost_without_normal_COGS" computerName="HOME-PC" duration="00:00:00.0004939" startTime="2026-09-10T10:34:10.2980809+10:00" endTime="2026-09-10T10:34:10.2980810+10:00" testType="13cdc9d9-ddb5-4fa4-a97d-d965ccfc6d4b" outcome="Passed" testListId="8c84fa94-04c1-424b-9868-57a2d4851a1d" relativeResultsDirectory="225e3490-734d-4fd2-b75a-c802eb309774" />
    <UnitTestResult executionId="4ad0e327-7e29-4b42-bfbd-4cf8778a595d" testId="1dc9a33f-72af-4b56-a980-7b40cf8ccae2" testName="InventoryApi.Tests.Services.ReportingServiceTests.Reconciliation_flags_period_mismatch" computerName="HOME-PC" duration="00:00:00.0020238" startTime="2026-09-10T10:34:10.8569472+10:00" endTime="2026-09-10T10:34:10.8569473+10:00" testType="13cdc9d9-ddb5-4fa4-a97d-d965ccfc6d4b" outcome="Failed" testListId="8c84fa94-04c1-424b-9868-57a2d4851a1d" relativeResultsDirectory="4ad0e327-7e29-4b42-bfbd-4cf8778a595d">
      <Output>
        <ErrorInfo>
          <Message>Assert.False() Failure&#xD;
Expected: False&#xD;
Actual:   True</Message>
          <StackTrace>   at InventoryApi.Tests.Services.ReportingServiceTests.Reconciliation_flags_period_mismatch() in C:\Users\crist\source\InventoryApp2\InventoryApp\backend\InventoryApi.Tests\Services\ReportingServiceTests.cs:line 890&#xD;
--- End of stack trace from previous location ---</StackTrace>
        </ErrorInfo>
      </Output>
    </UnitTestResult>
    <UnitTestResult executionId="1c1ff3af-06ad-4e67-9f31-8943e378dc45" testId="886e99fc-759b-f36e-ba61-d1f34033e792" testName="InventoryApi.Tests.Services.NayaxTransactionStatusTests.Classifier_maps_raw_status_ids(statusId: 250, expected: CancelledOrDeclined)" computerName="HOME-PC" duration="00:00:00.0000038" startTime="2026-09-10T10:34:09.6312953+10:00" endTime="2026-09-10T10:34:09.6312954+10:00" testType="13cdc9d9-ddb5-4fa4-a97d-d965ccfc6d4b" outcome="Passed" testListId="8c84fa94-04c1-424b-9868-57a2d4851a1d" relativeResultsDirectory="1c1ff3af-06ad-4e67-9f31-8943e378dc45" />
    <UnitTestResult executionId="0f390013-127d-4558-ad30-5bd570e97600" testId="0cc0d44a-87cb-4435-0b7f-4683f1e987eb" testName="InventoryApi.Tests.Services.MachineServiceTests.Week_to_date_comparison_uses_same_elapsed_period" computerName="HOME-PC" duration="00:00:00.0036260" startTime="2026-09-10T10:34:09.6284413+10:00" endTime="2026-09-10T10:34:09.6284413+10:00" testType="13cdc9d9-ddb5-4fa4-a97d-d965ccfc6d4b" outcome="Passed" testListId="8c84fa94-04c1-424b-9868-57a2d4851a1d" relativeResultsDirectory="0f390013-127d-4558-ad30-5bd570e97600" />
    <UnitTestResult executionId="bb616e1d-585d-42b7-a926-1a60f3919130" testId="6c2f23bc-e4a5-49d1-043f-2aed49add717" testName="InventoryApi.Tests.Services.ReportingServiceTests.Commission_configuration_failures_make_financial_reports_provisional(overlaps: False, expectedWarning: &quot;Commission agreements exist&quot;)" computerName="HOME-PC" duration="00:00:00.0045557" startTime="2026-09-10T10:34:10.8288311+10:00" endTime="2026-09-10T10:34:10.8288312+10:00" testType="13cdc9d9-ddb5-4fa4-a97d-d965ccfc6d4b" outcome="Failed" testListId="8c84fa94-04c1-424b-9868-57a2d4851a1d" relativeResultsDirectory="bb616e1d-585d-42b7-a926-1a60f3919130">
      <Output>
        <ErrorInfo>
          <Message>Assert.Null() Failure: Value of type 'Nullable&lt;decimal&gt;' has a value&#xD;
Expected: null&#xD;
Actual:   7.78</Message>
          <StackTrace>   at InventoryApi.Tests.Services.ReportingServiceTests.Commission_configuration_failures_make_financial_reports_provisional(Boolean overlaps, String expectedWarning) in C:\Users\crist\source\InventoryApp2\InventoryApp\backend\InventoryApi.Tests\Services\ReportingServiceTests.cs:line 153&#xD;
--- End of stack trace from previous location ---</StackTrace>
        </ErrorInfo>
      </Output>
    </UnitTestResult>
    <UnitTestResult executionId="59451ec3-1e63-49e2-a1c5-3553a5e8f60b" testId="8f1346f8-af7b-d308-d0fb-47d39a9df88c" testName="InventoryApi.Tests.Services.ReportingServiceTests.Product_profitability_does_not_treat_missing_cogs_as_zero" computerName="HOME-PC" duration="00:00:00.0017433" startTime="2026-09-10T10:34:10.8337372+10:00" endTime="2026-09-10T10:34:10.8337373+10:00" testType="13cdc9d9-ddb5-4fa4-a97d-d965ccfc6d4b" outcome="Passed" testListId="8c84fa94-04c1-424b-9868-57a2d4851a1d" relativeResultsDirectory="59451ec3-1e63-49e2-a1c5-3553a5e8f60b" />
    <UnitTestResult executionId="1126910e-7909-4812-997d-305a24c961c0" testId="7bd2a097-b177-52bc-ef88-e98414ae1e2c" testName="InventoryApi.Tests.Services.InventoryCostRebuildServiceTests.Rebuild_consumes_completed_sales_and_recosts_from_changed_date" computerName="HOME-PC" duration="00:00:00.0025105" startTime="2026-09-10T10:34:10.1205112+10:00" endTime="2026-09-10T10:34:10.1205113+10:00" testType="13cdc9d9-ddb5-4fa4-a97d-d965ccfc6d4b" outcome="Failed" testListId="8c84fa94-04c1-424b-9868-57a2d4851a1d" relativeResultsDirectory="1126910e-7909-4812-997d-305a24c961c0">
      <Output>
        <ErrorInfo>
          <Message>InventoryApi.Services.InventoryCostDataQualityException : Product 1 stored physical quantity 0 does not reconcile to its movement history (20).</Message>
          <StackTrace>   at InventoryApi.Services.InventoryCostRebuildService.ThrowIfFatal(InventoryCostRebuildResult result) in C:\Users\crist\source\InventoryApp2\InventoryApp\backend\InventoryApi\Services\InventoryCostRebuildService.cs:line 255&#xD;
   at InventoryApi.Services.InventoryCostRebuildService.RebuildAsync(Int64 productId, Nullable`1 recostCompletedSalesFrom, Boolean dryRun, CancellationToken cancellationToken) in C:\Users\crist\source\InventoryApp2\InventoryApp\backend\InventoryApi\Services\InventoryCostRebuildService.cs:line 39&#xD;
   at InventoryApi.Tests.Services.InventoryCostRebuildServiceTests.Rebuild_consumes_completed_sales_and_recosts_from_changed_date() in C:\Users\crist\source\InventoryApp2\InventoryApp\backend\InventoryApi.Tests\Services\InventoryCostRebuildServiceTests.cs:line 49&#xD;
   at InventoryApi.Tests.Services.InventoryCostRebuildServiceTests.Rebuild_consumes_completed_sales_and_recosts_from_changed_date() in C:\Users\crist\source\InventoryApp2\InventoryApp\backend\InventoryApi.Tests\Services\InventoryCostRebuildServiceTests.cs:line 57&#xD;
--- End of stack trace from previous location ---</StackTrace>
        </ErrorInfo>
      </Output>
    </UnitTestResult>
    <UnitTestResult executionId="96477d1b-f7d3-4d87-aad6-8e1259cd081c" testId="06e459a7-9516-6b82-f3d8-1fd7d9b15058" testName="InventoryApi.Tests.Controllers.OperatingExpensesControllerTests.Create_without_attachment_leaves_attachment_fields_empty" computerName="HOME-PC" duration="00:00:00.0018061" startTime="2026-09-10T10:34:10.0932478+10:00" endTime="2026-09-10T10:34:10.0932480+10:00" testType="13cdc9d9-ddb5-4fa4-a97d-d965ccfc6d4b" outcome="Passed" testListId="8c84fa94-04c1-424b-9868-57a2d4851a1d" relativeResultsDirectory="96477d1b-f7d3-4d87-aad6-8e1259cd081c" />
    <UnitTestResult executionId="d4b089c2-f9a9-45d7-9a6b-6fa86d5c4a79" testId="e7347965-eab4-1ba5-051d-e0b7b3bbae5b" testName="InventoryApi.Tests.Services.NayaxProcessingFeeServiceTests.ResolveNayaxFeeRate_uses_latest_applicable_rate" computerName="HOME-PC" duration="00:00:00.0000960" startTime="2026-09-10T10:34:10.1544963+10:00" endTime="2026-09-10T10:34:10.1544963+10:00" testType="13cdc9d9-ddb5-4fa4-a97d-d965ccfc6d4b" outcome="Passed" testListId="8c84fa94-04c1-424b-9868-57a2d4851a1d" relativeResultsDirectory="d4b089c2-f9a9-45d7-9a6b-6fa86d5c4a79" />
    <UnitTestResult executionId="0b76b4d5-d7a3-46b8-bdbb-c596f0233fa8" testId="d82aff09-75bd-cf28-e7fc-be7315e617b0" testName="InventoryApi.Tests.Services.SiteCommissionCalculatorTests.Effective_agreement_changes_on_boundary_date" computerName="HOME-PC" duration="00:00:00.0001309" startTime="2026-09-10T10:34:09.6316648+10:00" endTime="2026-09-10T10:34:09.6316648+10:00" testType="13cdc9d9-ddb5-4fa4-a97d-d965ccfc6d4b" outcome="Passed" testListId="8c84fa94-04c1-424b-9868-57a2d4851a1d" relativeResultsDirectory="0b76b4d5-d7a3-46b8-bdbb-c596f0233fa8" />
    <UnitTestResult executionId="3fbd8fd9-18d9-4a70-b8a1-5b15e60a4b38" testId="8e77c574-8d7a-f6f8-d2ec-691bc36b6f39" testName="InventoryApi.Tests.Services.ReportingServiceTests.Australian_financial_year_has_correct_boundary(dateText: &quot;2025-07-01&quot;, label: &quot;FY2025-26&quot;)" computerName="HOME-PC" duration="00:00:00.0012928" startTime="2026-09-10T10:34:10.3262478+10:00" endTime="2026-09-10T10:34:10.3262479+10:00" testType="13cdc9d9-ddb5-4fa4-a97d-d965ccfc6d4b" outcome="Passed" testListId="8c84fa94-04c1-424b-9868-57a2d4851a1d" relativeResultsDirectory="3fbd8fd9-18d9-4a70-b8a1-5b15e60a4b38" />
    <UnitTestResult executionId="24e67329-fd8b-40c7-a7f6-c7428d1e5fbd" testId="bf234ae9-02e8-4094-270b-259fc908a096" testName="InventoryApi.Tests.Services.CategoryServiceTests.Get_returns_null_for_missing_category" computerName="HOME-PC" duration="00:00:00.0184672" startTime="2026-09-10T10:34:10.0581109+10:00" endTime="2026-09-10T10:34:10.0581111+10:00" testType="13cdc9d9-ddb5-4fa4-a97d-d965ccfc6d4b" outcome="Passed" testListId="8c84fa94-04c1-424b-9868-57a2d4851a1d" relativeResultsDirectory="24e67329-fd8b-40c7-a7f6-c7428d1e5fbd" />
    <UnitTestResult executionId="3d07b644-66d1-4e84-b48d-ee3011a8bc3a" testId="498be462-6621-fd5c-1a68-0ca197710dd1" testName="InventoryApi.Tests.Services.MachineServiceTests.Month_to_date_starts_at_the_first_local_day" computerName="HOME-PC" duration="00:00:00.0001162" startTime="2026-09-10T10:34:10.0858488+10:00" endTime="2026-09-10T10:34:10.0858489+10:00" testType="13cdc9d9-ddb5-4fa4-a97d-d965ccfc6d4b" outcome="Passed" testListId="8c84fa94-04c1-424b-9868-57a2d4851a1d" relativeResultsDirectory="3d07b644-66d1-4e84-b48d-ee3011a8bc3a" />
    <UnitTestResult executionId="50517f32-df5a-4a5e-898f-a3f368a2a751" testId="f5a51cef-3d35-8559-d34b-02fe95c97c99" testName="InventoryApi.Tests.Services.ReportingServiceTests.Cancelled_commission_lookup_propagates_from_reporting" computerName="HOME-PC" duration="00:00:00.0061949" startTime="2026-09-10T10:34:10.3326462+10:00" endTime="2026-09-10T10:34:10.3326463+10:00" testType="13cdc9d9-ddb5-4fa4-a97d-d965ccfc6d4b" outcome="Passed" testListId="8c84fa94-04c1-424b-9868-57a2d4851a1d" relativeResultsDirectory="50517f32-df5a-4a5e-898f-a3f368a2a751" />
    <UnitTestResult executionId="c61f565d-eabd-477c-8658-1b77b36d15a6" testId="a1aae483-c3c6-edce-8d0a-f20836fbf410" testName="InventoryApi.Tests.Services.ReportingServiceTests.Dashboard_gross_margin_uses_cogs_not_gross_profit_as_its_cost_basis" computerName="HOME-PC" duration="00:00:00.0019404" startTime="2026-09-10T10:34:10.3947315+10:00" endTime="2026-09-10T10:34:10.3947316+10:00" testType="13cdc9d9-ddb5-4fa4-a97d-d965ccfc6d4b" outcome="Passed" testListId="8c84fa94-04c1-424b-9868-57a2d4851a1d" relativeResultsDirectory="c61f565d-eabd-477c-8658-1b77b36d15a6" />
    <UnitTestResult executionId="1ec88c71-2039-4723-84ce-b10775e380a6" testId="fc4b41c0-33ab-6a4c-4ec0-f54c0a95fe79" testName="InventoryApi.Tests.Services.NayaxProcessingFeeServiceTests.Uses_effective_dated_rate_and_device_fee_for_machine" computerName="HOME-PC" duration="00:00:00.0263882" startTime="2026-09-10T10:34:10.1819174+10:00" endTime="2026-09-10T10:34:10.1819175+10:00" testType="13cdc9d9-ddb5-4fa4-a97d-d965ccfc6d4b" outcome="Passed" testListId="8c84fa94-04c1-424b-9868-57a2d4851a1d" relativeResultsDirectory="1ec88c71-2039-4723-84ce-b10775e380a6" />
    <UnitTestResult executionId="2de478b5-1cfe-4304-988d-f40cecf077c4" testId="3da9d3b9-4ed2-4432-b7a1-372672d7d1c5" testName="InventoryApi.Tests.Services.ReportingServiceTests.Machine_profitability_is_unavailable_only_for_machine_with_incomplete_cogs" computerName="HOME-PC" duration="00:00:00.0024469" startTime="2026-09-10T10:34:10.8362265+10:00" endTime="2026-09-10T10:34:10.8362265+10:00" testType="13cdc9d9-ddb5-4fa4-a97d-d965ccfc6d4b" outcome="Passed" testListId="8c84fa94-04c1-424b-9868-57a2d4851a1d" relativeResultsDirectory="2de478b5-1cfe-4304-988d-f40cecf077c4" />
    <UnitTestResult executionId="16a46acb-c8e3-40d9-9061-29b130c53c01" testId="85348791-8abb-35ca-5330-e41f4533bbdb" testName="InventoryApi.Tests.Services.NayaxHistoricalCostTests.Zero_internal_historical_AVCO_is_valid_and_takes_priority" computerName="HOME-PC" duration="00:00:00.0013282" startTime="2026-09-10T10:34:10.2703079+10:00" endTime="2026-09-10T10:34:10.2703079+10:00" testType="13cdc9d9-ddb5-4fa4-a97d-d965ccfc6d4b" outcome="Passed" testListId="8c84fa94-04c1-424b-9868-57a2d4851a1d" relativeResultsDirectory="16a46acb-c8e3-40d9-9061-29b130c53c01" />
    <UnitTestResult executionId="5e531669-198b-4bf0-a71a-aabf6f507a2e" testId="d259bf4a-90c0-dfbd-1897-995db2f1e472" testName="InventoryApi.Tests.Services.NayaxHistoricalCostTests.Machine_lookup_refreshes_sales_without_erasing_imported_costs" computerName="HOME-PC" duration="00:00:00.0060475" startTime="2026-09-10T10:34:10.2764058+10:00" endTime="2026-09-10T10:34:10.2764059+10:00" testType="13cdc9d9-ddb5-4fa4-a97d-d965ccfc6d4b" outcome="Passed" testListId="8c84fa94-04c1-424b-9868-57a2d4851a1d" relativeResultsDirectory="5e531669-198b-4bf0-a71a-aabf6f507a2e" />
    <UnitTestResult executionId="285d64f1-6f61-4f7c-a42f-eecade9453ea" testId="2fb515cd-3970-3678-e78c-2b680ddeb900" testName="InventoryApi.Tests.Services.NayaxHistoricalCostTests.Import_maps_supported_transaction_cost_headers(header: &quot;Cost Price&quot;)" computerName="HOME-PC" duration="00:00:00.0010603" startTime="2026-09-10T10:34:10.2507049+10:00" endTime="2026-09-10T10:34:10.2507050+10:00" testType="13cdc9d9-ddb5-4fa4-a97d-d965ccfc6d4b" outcome="Passed" testListId="8c84fa94-04c1-424b-9868-57a2d4851a1d" relativeResultsDirectory="285d64f1-6f61-4f7c-a42f-eecade9453ea" />
    <UnitTestResult executionId="7ae6889c-1a33-4a36-a224-fc81da9cfcba" testId="496510ee-3a63-c30d-6ac3-dd23a570a3c6" testName="InventoryApi.Tests.Services.NayaxHistoricalCostTests.Internal_historical_AVCO_takes_priority_over_Nayax_transaction_cost" computerName="HOME-PC" duration="00:00:00.0057144" startTime="2026-09-10T10:34:10.0918738+10:00" endTime="2026-09-10T10:34:10.0918738+10:00" testType="13cdc9d9-ddb5-4fa4-a97d-d965ccfc6d4b" outcome="Passed" testListId="8c84fa94-04c1-424b-9868-57a2d4851a1d" relativeResultsDirectory="7ae6889c-1a33-4a36-a224-fc81da9cfcba" />
    <UnitTestResult executionId="e4b7a56e-e225-4e5d-9d22-9b2bcc89e42d" testId="3a5bb925-31ed-b964-90fc-4cd8998e0c3c" testName="InventoryApi.Tests.Services.NayaxTransactionStatusTests.Classifier_maps_raw_status_ids(statusId: 62, expected: Refunded)" computerName="HOME-PC" duration="00:00:00.0000022" startTime="2026-09-10T10:34:09.6316223+10:00" endTime="2026-09-10T10:34:09.6316223+10:00" testType="13cdc9d9-ddb5-4fa4-a97d-d965ccfc6d4b" outcome="Passed" testListId="8c84fa94-04c1-424b-9868-57a2d4851a1d" relativeResultsDirectory="e4b7a56e-e225-4e5d-9d22-9b2bcc89e42d" />
    <UnitTestResult executionId="63430a98-3110-4950-b465-bae3bb6aacfe" testId="dfd68d0b-10c3-ecea-e98c-822f63cbdbb6" testName="InventoryApi.Tests.Services.NayaxHistoricalCostTests.Historical_backfill_dry_run_and_apply_recover_only_eligible_sales" computerName="HOME-PC" duration="00:00:00.0138016" startTime="2026-09-10T10:34:10.2654943+10:00" endTime="2026-09-10T10:34:10.2654944+10:00" testType="13cdc9d9-ddb5-4fa4-a97d-d965ccfc6d4b" outcome="Passed" testListId="8c84fa94-04c1-424b-9868-57a2d4851a1d" relativeResultsDirectory="63430a98-3110-4950-b465-bae3bb6aacfe" />
    <UnitTestResult executionId="1ac94b6c-e98c-41f6-98e3-8b4419b2d4aa" testId="bdea54cd-249f-24f7-5681-dfe97c0dc363" testName="InventoryApi.Tests.Services.MachineProfitabilityTests.Missing_persisted_cogs_makes_machine_profit_unavailable" computerName="HOME-PC" duration="00:00:00.0111603" startTime="2026-09-10T10:34:10.0940679+10:00" endTime="2026-09-10T10:34:10.0940680+10:00" testType="13cdc9d9-ddb5-4fa4-a97d-d965ccfc6d4b" outcome="Passed" testListId="8c84fa94-04c1-424b-9868-57a2d4851a1d" relativeResultsDirectory="1ac94b6c-e98c-41f6-98e3-8b4419b2d4aa" />
    <UnitTestResult executionId="c462f748-8a09-4988-9ae5-a77ee6a20b12" testId="6b0168c5-cfc0-83e6-804a-2ae54bb8835c" testName="InventoryApi.Tests.Services.ReportingServiceTests.Date_and_machine_filters_are_inclusive_and_machine_specific" computerName="HOME-PC" duration="00:00:00.0059901" startTime="2026-09-10T10:34:10.8204311+10:00" endTime="2026-09-10T10:34:10.8204312+10:00" testType="13cdc9d9-ddb5-4fa4-a97d-d965ccfc6d4b" outcome="Failed" testListId="8c84fa94-04c1-424b-9868-57a2d4851a1d" relativeResultsDirectory="c462f748-8a09-4988-9ae5-a77ee6a20b12">
      <Output>
        <ErrorInfo>
          <Message>Assert.Single() Failure: The collection was empty</Message>
          <StackTrace>   at InventoryApi.Tests.Services.ReportingServiceTests.Date_and_machine_filters_are_inclusive_and_machine_specific() in C:\Users\crist\source\InventoryApp2\InventoryApp\backend\InventoryApi.Tests\Services\ReportingServiceTests.cs:line 390&#xD;
--- End of stack trace from previous location ---</StackTrace>
        </ErrorInfo>
      </Output>
    </UnitTestResult>
    <UnitTestResult executionId="38faccc9-6e5e-4e9a-9cda-8d7d2c0ba67d" testId="ad993080-adfa-b626-c1ec-534beed903aa" testName="InventoryApi.Tests.Controllers.OperatingExpensesControllerTests.Create_rejects_an_invalid_attachment_extension" computerName="HOME-PC" duration="00:00:00.0029255" startTime="2026-09-10T10:34:10.1147676+10:00" endTime="2026-09-10T10:34:10.1147677+10:00" testType="13cdc9d9-ddb5-4fa4-a97d-d965ccfc6d4b" outcome="Passed" testListId="8c84fa94-04c1-424b-9868-57a2d4851a1d" relativeResultsDirectory="38faccc9-6e5e-4e9a-9cda-8d7d2c0ba67d" />
    <UnitTestResult executionId="5a625474-ff45-4d6c-8170-6cb234e3b61d" testId="4cdde513-2ee2-619e-72b6-191720c553df" testName="InventoryApi.Tests.Services.NayaxHistoricalCostTests.Transaction_cost_applies_to_completed_card_and_cash_sales(paymentMethod: &quot;Cash&quot;)" computerName="HOME-PC" duration="00:00:00.0010069" startTime="2026-09-10T10:34:10.0860766+10:00" endTime="2026-09-10T10:34:10.0860767+10:00" testType="13cdc9d9-ddb5-4fa4-a97d-d965ccfc6d4b" outcome="Passed" testListId="8c84fa94-04c1-424b-9868-57a2d4851a1d" relativeResultsDirectory="5a625474-ff45-4d6c-8170-6cb234e3b61d" />
    <UnitTestResult executionId="77379087-32e6-4db0-9ad8-0666d1f63c7d" testId="b2d06e2f-9e4b-5589-f413-78ba72096d6b" testName="InventoryApi.Tests.Services.CategoryServiceTests.Get_returns_existing_category" computerName="HOME-PC" duration="00:00:00.0013001" startTime="2026-09-10T10:34:10.0594165+10:00" endTime="2026-09-10T10:34:10.0594166+10:00" testType="13cdc9d9-ddb5-4fa4-a97d-d965ccfc6d4b" outcome="Passed" testListId="8c84fa94-04c1-424b-9868-57a2d4851a1d" relativeResultsDirectory="77379087-32e6-4db0-9ad8-0666d1f63c7d" />
    <UnitTestResult executionId="507f38b9-8bbe-4ed5-a19a-40defcb857d6" testId="a438b664-5cbe-4dec-0149-8c16726ff022" testName="InventoryApi.Tests.Services.ReceiptServiceTests.Update_Changes_Receipt_MetaData" computerName="HOME-PC" duration="00:00:00.0344440" startTime="2026-09-10T10:34:10.1560662+10:00" endTime="2026-09-10T10:34:10.1560663+10:00" testType="13cdc9d9-ddb5-4fa4-a97d-d965ccfc6d4b" outcome="Passed" testListId="8c84fa94-04c1-424b-9868-57a2d4851a1d" relativeResultsDirectory="507f38b9-8bbe-4ed5-a19a-40defcb857d6" />
    <UnitTestResult executionId="cfd25a94-3b5e-486f-be8a-1948690edc1e" testId="af150f67-a561-bd9d-d3fc-ea0111688a04" testName="InventoryApi.Tests.Services.ReportingServiceTests.Site_with_no_agreements_is_a_valid_zero_commission_case" computerName="HOME-PC" duration="00:00:00.0021124" startTime="2026-09-10T10:34:10.3906905+10:00" endTime="2026-09-10T10:34:10.3906905+10:00" testType="13cdc9d9-ddb5-4fa4-a97d-d965ccfc6d4b" outcome="Passed" testListId="8c84fa94-04c1-424b-9868-57a2d4851a1d" relativeResultsDirectory="cfd25a94-3b5e-486f-be8a-1948690edc1e" />
    <UnitTestResult executionId="ac32582f-80db-4e79-acdb-4096e66d70de" testId="e988cc99-ba1f-9966-d7e5-9c330ebfb08d" testName="InventoryApi.Tests.Services.SiteServiceTests.Product_preview_handles_no_agreement_and_overlap_without_throwing(overlapping: True)" computerName="HOME-PC" duration="00:00:00.4537110" startTime="2026-09-10T10:34:10.0737194+10:00" endTime="2026-09-10T10:34:10.0737196+10:00" testType="13cdc9d9-ddb5-4fa4-a97d-d965ccfc6d4b" outcome="Passed" testListId="8c84fa94-04c1-424b-9868-57a2d4851a1d" relativeResultsDirectory="ac32582f-80db-4e79-acdb-4096e66d70de" />
    <UnitTestResult executionId="a28897e7-215a-4ec4-9796-cae5b820963c" testId="7e461664-fcf8-cc7c-3d7b-6a9125d2521f" testName="InventoryApi.Tests.Services.ReceiptServiceTests.Upload_total_validation_includes_delivery_and_package_fees" computerName="HOME-PC" duration="00:00:00.0074686" startTime="2026-09-10T10:34:10.1635934+10:00" endTime="2026-09-10T10:34:10.1635935+10:00" testType="13cdc9d9-ddb5-4fa4-a97d-d965ccfc6d4b" outcome="Passed" testListId="8c84fa94-04c1-424b-9868-57a2d4851a1d" relativeResultsDirectory="a28897e7-215a-4ec4-9796-cae5b820963c" />
    <UnitTestResult executionId="26034bd3-5828-42ab-b8db-bce201e914db" testId="a71e10ae-c908-d4b5-02fa-94894f632e8e" testName="InventoryApi.Tests.Services.NayaxTransactionStatusTests.Classifier_maps_raw_status_ids(statusId: null, expected: Unknown)" computerName="HOME-PC" duration="00:00:00.0000063" startTime="2026-09-10T10:34:09.6312780+10:00" endTime="2026-09-10T10:34:09.6312781+10:00" testType="13cdc9d9-ddb5-4fa4-a97d-d965ccfc6d4b" outcome="Passed" testListId="8c84fa94-04c1-424b-9868-57a2d4851a1d" relativeResultsDirectory="26034bd3-5828-42ab-b8db-bce201e914db" />
    <UnitTestResult executionId="8bdbb53e-d980-4776-8032-de927bc695c8" testId="d627b613-1610-ed9b-aa7f-0a5c939ab88f" testName="InventoryApi.Tests.Services.ReportingServiceTests.Non_completed_statuses_and_missing_status_are_excluded_from_gross_sales" computerName="HOME-PC" duration="00:00:00.0021603" startTime="2026-09-10T10:34:10.3988259+10:00" endTime="2026-09-10T10:34:10.3988260+10:00" testType="13cdc9d9-ddb5-4fa4-a97d-d965ccfc6d4b" outcome="Passed" testListId="8c84fa94-04c1-424b-9868-57a2d4851a1d" relativeResultsDirectory="8bdbb53e-d980-4776-8032-de927bc695c8" />
    <UnitTestResult executionId="917103e2-9b56-4d92-9be2-bdabb888923d" testId="84a40ce4-6e72-3907-abc3-e4470bd63edd" testName="InventoryApi.Tests.Services.NayaxTransactionStatusTests.Classifier_maps_raw_status_ids(statusId: 31, expected: CancelledOrDeclined)" computerName="HOME-PC" duration="00:00:00.0000036" startTime="2026-09-10T10:34:09.6312884+10:00" endTime="2026-09-10T10:34:09.6312884+10:00" testType="13cdc9d9-ddb5-4fa4-a97d-d965ccfc6d4b" outcome="Passed" testListId="8c84fa94-04c1-424b-9868-57a2d4851a1d" relativeResultsDirectory="917103e2-9b56-4d92-9be2-bdabb888923d" />
    <UnitTestResult executionId="c3980ab4-7cb9-4ebe-9ee5-191f3f7015e7" testId="8cfa573f-e1db-17d7-de50-2e0d0adc347f" testName="InventoryApi.Tests.Services.NayaxTransactionStatusTests.Pending_sale_costing_dry_run_does_not_mutate_database" computerName="HOME-PC" duration="00:00:00.0141698" startTime="2026-09-10T10:34:10.1148960+10:00" endTime="2026-09-10T10:34:10.1148961+10:00" testType="13cdc9d9-ddb5-4fa4-a97d-d965ccfc6d4b" outcome="Passed" testListId="8c84fa94-04c1-424b-9868-57a2d4851a1d" relativeResultsDirectory="c3980ab4-7cb9-4ebe-9ee5-191f3f7015e7" />
    <UnitTestResult executionId="8136742c-bae2-43f9-9478-793cf676ff53" testId="39b735fd-5465-a947-1e01-fa6166fb212d" testName="InventoryApi.Tests.Services.NayaxProcessingFeeServiceTests.Missing_effective_rate_is_reported_instead_of_estimated_as_zero" computerName="HOME-PC" duration="00:00:00.0009578" startTime="2026-09-10T10:34:10.1554813+10:00" endTime="2026-09-10T10:34:10.1554813+10:00" testType="13cdc9d9-ddb5-4fa4-a97d-d965ccfc6d4b" outcome="Passed" testListId="8c84fa94-04c1-424b-9868-57a2d4851a1d" relativeResultsDirectory="8136742c-bae2-43f9-9478-793cf676ff53" />
    <UnitTestResult executionId="3dd38270-4d64-40ef-b45d-84aec4fb603e" testId="da2fbcbd-31b3-26d7-65be-0efba89859a3" testName="InventoryApi.Tests.Services.NayaxHistoricalCostTests.Duplicate_import_stores_Nayax_cost_without_replacing_inventory_ledger_cost" computerName="HOME-PC" duration="00:00:00.0014464" startTime="2026-09-10T10:34:10.2669715+10:00" endTime="2026-09-10T10:34:10.2669716+10:00" testType="13cdc9d9-ddb5-4fa4-a97d-d965ccfc6d4b" outcome="Passed" testListId="8c84fa94-04c1-424b-9868-57a2d4851a1d" relativeResultsDirectory="3dd38270-4d64-40ef-b45d-84aec4fb603e" />
    <UnitTestResult executionId="cf48b8ed-f57b-4e36-b7ab-d984b9e75780" testId="a4af6d04-40a2-023d-7b50-fdfe0e965cb7" testName="InventoryApi.Tests.Controllers.OperatingExpensesControllerTests.Create_with_attachment_saves_and_serves_document(fileName: &quot;invoice.png&quot;, contentType: &quot;image/png&quot;)" computerName="HOME-PC" duration="00:00:00.0121986" startTime="2026-09-10T10:34:10.0884310+10:00" endTime="2026-09-10T10:34:10.0884311+10:00" testType="13cdc9d9-ddb5-4fa4-a97d-d965ccfc6d4b" outcome="Passed" testListId="8c84fa94-04c1-424b-9868-57a2d4851a1d" relativeResultsDirectory="cf48b8ed-f57b-4e36-b7ab-d984b9e75780" />
    <UnitTestResult executionId="ab9d9e8c-4d12-46aa-b7fd-64851c8d17d9" testId="3299dba5-dc8a-2270-b26a-bfe46cea32aa" testName="InventoryApi.Tests.Services.NayaxHistoricalCostTests.Negative_transaction_cost_is_stored_but_not_applied" computerName="HOME-PC" duration="00:00:00.0035835" startTime="2026-09-10T10:34:10.0954519+10:00" endTime="2026-09-10T10:34:10.0954520+10:00" testType="13cdc9d9-ddb5-4fa4-a97d-d965ccfc6d4b" outcome="Passed" testListId="8c84fa94-04c1-424b-9868-57a2d4851a1d" relativeResultsDirectory="ab9d9e8c-4d12-46aa-b7fd-64851c8d17d9" />
    <UnitTestResult executionId="7f6ef01a-9d14-4947-9de6-efeb8dbb0737" testId="35c6bd85-5577-56cd-3ccd-e8e3f643ad10" testName="InventoryApi.Tests.Services.ImportServiceTests.Sales_import_recosts_an_updated_transaction" computerName="HOME-PC" duration="00:00:00.2146901" startTime="2026-09-10T10:34:10.2467415+10:00" endTime="2026-09-10T10:34:10.2467416+10:00" testType="13cdc9d9-ddb5-4fa4-a97d-d965ccfc6d4b" outcome="Passed" testListId="8c84fa94-04c1-424b-9868-57a2d4851a1d" relativeResultsDirectory="7f6ef01a-9d14-4947-9de6-efeb8dbb0737" />
    <UnitTestResult executionId="a9ee6b3f-4b16-4a6d-b6e7-9eaccdc0b40f" testId="cf36bf16-8d99-c06a-0f06-9a65999bcb2e" testName="InventoryApi.Tests.Services.NayaxHistoricalCostTests.Completed_sale_without_any_cost_remains_pending" computerName="HOME-PC" duration="00:00:00.0009895" startTime="2026-09-10T10:34:10.2991041+10:00" endTime="2026-09-10T10:34:10.2991042+10:00" testType="13cdc9d9-ddb5-4fa4-a97d-d965ccfc6d4b" outcome="Passed" testListId="8c84fa94-04c1-424b-9868-57a2d4851a1d" relativeResultsDirectory="a9ee6b3f-4b16-4a6d-b6e7-9eaccdc0b40f" />
    <UnitTestResult executionId="29ff7136-5879-4990-b421-b216d01f3f32" testId="a4b1f37f-bea3-8c2e-6416-479179133dd8" testName="InventoryApi.Tests.Services.NayaxTransactionStatusTests.Completed_sale_is_costed_from_historical_receipt_movement" computerName="HOME-PC" duration="00:00:00.0021139" startTime="2026-09-10T10:34:10.1142083+10:00" endTime="2026-09-10T10:34:10.1142084+10:00" testType="13cdc9d9-ddb5-4fa4-a97d-d965ccfc6d4b" outcome="Failed" testListId="8c84fa94-04c1-424b-9868-57a2d4851a1d" relativeResultsDirectory="29ff7136-5879-4990-b421-b216d01f3f32">
      <Output>
        <ErrorInfo>
          <Message>Assert.Equal() Failure: Values differ&#xD;
Expected: 2.10&#xD;
Actual:   null</Message>
          <StackTrace>   at InventoryApi.Tests.Services.NayaxTransactionStatusTests.Completed_sale_is_costed_from_historical_receipt_movement() in C:\Users\crist\source\InventoryApp2\InventoryApp\backend\InventoryApi.Tests\Services\NayaxTransactionStatusTests.cs:line 82&#xD;
--- End of stack trace from previous location ---</StackTrace>
        </ErrorInfo>
      </Output>
    </UnitTestResult>
    <UnitTestResult executionId="00e6858a-402c-4eb7-a963-e8b0e2741373" testId="a03ac28f-c28b-f8a3-89eb-880e99a04530" testName="InventoryApi.Tests.Services.ReportingServiceTests.Bookkeeping_net_profit_deducts_receipt_operating_costs" computerName="HOME-PC" duration="00:00:00.5296427" startTime="2026-09-10T10:34:10.1502958+10:00" endTime="2026-09-10T10:34:10.1502959+10:00" testType="13cdc9d9-ddb5-4fa4-a97d-d965ccfc6d4b" outcome="Failed" testListId="8c84fa94-04c1-424b-9868-57a2d4851a1d" relativeResultsDirectory="00e6858a-402c-4eb7-a963-e8b0e2741373">
      <Output>
        <ErrorInfo>
          <Message>Assert.Equal() Failure: Values differ&#xD;
Expected: 5&#xD;
Actual:   0</Message>
          <StackTrace>   at InventoryApi.Tests.Services.ReportingServiceTests.Bookkeeping_net_profit_deducts_receipt_operating_costs() in C:\Users\crist\source\InventoryApp2\InventoryApp\backend\InventoryApi.Tests\Services\ReportingServiceTests.cs:line 533&#xD;
--- End of stack trace from previous location ---</StackTrace>
        </ErrorInfo>
      </Output>
    </UnitTestResult>
    <UnitTestResult executionId="86ce7b39-00e8-4ac2-93b5-b486c08a426a" testId="a5c67d0c-e561-f3ed-55f8-6b544b6863f3" testName="InventoryApi.Tests.Services.StockServiceTests.Adjust_Throws_When_Stock_Would_Become_Negative" computerName="HOME-PC" duration="00:00:00.0030022" startTime="2026-09-10T10:34:10.1147882+10:00" endTime="2026-09-10T10:34:10.1147882+10:00" testType="13cdc9d9-ddb5-4fa4-a97d-d965ccfc6d4b" outcome="Passed" testListId="8c84fa94-04c1-424b-9868-57a2d4851a1d" relativeResultsDirectory="86ce7b39-00e8-4ac2-93b5-b486c08a426a" />
    <UnitTestResult executionId="3a5bb880-121c-49c5-883a-06283ab16e25" testId="a5132dcb-9242-2c53-d8b6-a0cbaf836a20" testName="InventoryApi.Tests.Services.NayaxTransactionStatusTests.Classifier_maps_raw_status_ids(statusId: 12, expected: Completed)" computerName="HOME-PC" duration="00:00:00.0002015" startTime="2026-09-10T10:34:09.6312310+10:00" endTime="2026-09-10T10:34:09.6312310+10:00" testType="13cdc9d9-ddb5-4fa4-a97d-d965ccfc6d4b" outcome="Passed" testListId="8c84fa94-04c1-424b-9868-57a2d4851a1d" relativeResultsDirectory="3a5bb880-121c-49c5-883a-06283ab16e25" />
    <UnitTestResult executionId="e269413c-a3a3-4279-87ab-a7c6b3e18d23" testId="3832d36e-06fb-19ba-04ca-7940314d4009" testName="InventoryApi.Tests.Services.ReceiptServiceTests.Upload_after_transition_ignores_invalid_legacy_history" computerName="HOME-PC" duration="00:00:00.0102161" startTime="2026-09-10T10:34:10.1782754+10:00" endTime="2026-09-10T10:34:10.1782755+10:00" testType="13cdc9d9-ddb5-4fa4-a97d-d965ccfc6d4b" outcome="Passed" testListId="8c84fa94-04c1-424b-9868-57a2d4851a1d" relativeResultsDirectory="e269413c-a3a3-4279-87ab-a7c6b3e18d23" />
    <UnitTestResult executionId="5c2ef001-0c7f-4404-bc35-cdd0d0c548d5" testId="57f297a5-a8f9-e7e6-d2e7-32502a2f4890" testName="InventoryApi.Tests.Services.NayaxProcessingFeeServiceTests.Estimates_completed_card_sales_with_gst_and_excludes_non_eligible_sales" computerName="HOME-PC" duration="00:00:00.0020072" startTime="2026-09-10T10:34:10.0838625+10:00" endTime="2026-09-10T10:34:10.0838626+10:00" testType="13cdc9d9-ddb5-4fa4-a97d-d965ccfc6d4b" outcome="Passed" testListId="8c84fa94-04c1-424b-9868-57a2d4851a1d" relativeResultsDirectory="5c2ef001-0c7f-4404-bc35-cdd0d0c548d5" />
    <UnitTestResult executionId="e7c0aeef-b971-42ea-b23e-d58856537902" testId="4d0bff7f-8be9-f261-4d9f-ed3fca0f3ed6" testName="InventoryApi.Tests.Services.SiteServiceTests.Product_preview_handles_no_agreement_and_overlap_without_throwing(overlapping: False)" computerName="HOME-PC" duration="00:00:00.0018780" startTime="2026-09-10T10:34:10.0756276+10:00" endTime="2026-09-10T10:34:10.0756278+10:00" testType="13cdc9d9-ddb5-4fa4-a97d-d965ccfc6d4b" outcome="Passed" testListId="8c84fa94-04c1-424b-9868-57a2d4851a1d" relativeResultsDirectory="e7c0aeef-b971-42ea-b23e-d58856537902" />
    <UnitTestResult executionId="b6778f46-bc46-4fd8-becc-556514312f82" testId="93974707-0abb-e980-685a-9b556c486998" testName="InventoryApi.Tests.Services.ReportingServiceTests.Reconciliation_matches_reimbursement_device_to_selected_machine" computerName="HOME-PC" duration="00:00:00.0061516" startTime="2026-09-10T10:34:10.8547002+10:00" endTime="2026-09-10T10:34:10.8547003+10:00" testType="13cdc9d9-ddb5-4fa4-a97d-d965ccfc6d4b" outcome="Failed" testListId="8c84fa94-04c1-424b-9868-57a2d4851a1d" relativeResultsDirectory="b6778f46-bc46-4fd8-becc-556514312f82">
      <Output>
        <ErrorInfo>
          <Message>Assert.Equal() Failure: Values differ&#xD;
Expected: 90.30&#xD;
Actual:   0</Message>
          <StackTrace>   at InventoryApi.Tests.Services.ReportingServiceTests.Reconciliation_matches_reimbursement_device_to_selected_machine() in C:\Users\crist\source\InventoryApp2\InventoryApp\backend\InventoryApi.Tests\Services\ReportingServiceTests.cs:line 940&#xD;
--- End of stack trace from previous location ---</StackTrace>
        </ErrorInfo>
      </Output>
    </UnitTestResult>
    <UnitTestResult executionId="f8802cd2-d223-4f03-ba3d-0d837aa6f829" testId="072c36d1-2eb8-3b53-0e07-91cf45f99145" testName="InventoryApi.Tests.Services.ReportingServiceTests.Bookkeeping_and_gst_use_centralised_decimal_formulas" computerName="HOME-PC" duration="00:00:00.0039975" startTime="2026-09-10T10:34:10.8484021+10:00" endTime="2026-09-10T10:34:10.8484022+10:00" testType="13cdc9d9-ddb5-4fa4-a97d-d965ccfc6d4b" outcome="Failed" testListId="8c84fa94-04c1-424b-9868-57a2d4851a1d" relativeResultsDirectory="f8802cd2-d223-4f03-ba3d-0d837aa6f829">
      <Output>
        <ErrorInfo>
          <Message>Assert.Equal() Failure: Values differ&#xD;
Expected: 110&#xD;
Actual:   0</Message>
          <StackTrace>   at InventoryApi.Tests.Services.ReportingServiceTests.Bookkeeping_and_gst_use_centralised_decimal_formulas() in C:\Users\crist\source\InventoryApp2\InventoryApp\backend\InventoryApi.Tests\Services\ReportingServiceTests.cs:line 504&#xD;
--- End of stack trace from previous location ---</StackTrace>
        </ErrorInfo>
      </Output>
    </UnitTestResult>
    <UnitTestResult executionId="97c59590-b315-428d-8889-f28a903543ed" testId="130c7b1c-e219-e7ab-77b4-c784fb047c5a" testName="InventoryApi.Tests.Services.ReportingServiceTests.Multiple_valid_commission_rates_do_not_make_profit_provisional" computerName="HOME-PC" duration="00:00:00.0018495" startTime="2026-09-10T10:34:10.3966115+10:00" endTime="2026-09-10T10:34:10.3966116+10:00" testType="13cdc9d9-ddb5-4fa4-a97d-d965ccfc6d4b" outcome="Passed" testListId="8c84fa94-04c1-424b-9868-57a2d4851a1d" relativeResultsDirectory="97c59590-b315-428d-8889-f28a903543ed" />
    <UnitTestResult executionId="82d36369-0415-48ca-88dc-e5397830cae4" testId="24b9876e-9af4-e5c5-8067-a35c1a570798" testName="InventoryApi.Tests.Services.SiteCommissionCalculatorTests.Overlapping_agreements_are_rejected" computerName="HOME-PC" duration="00:00:00.0010644" startTime="2026-09-10T10:34:09.6316375+10:00" endTime="2026-09-10T10:34:09.6316375+10:00" testType="13cdc9d9-ddb5-4fa4-a97d-d965ccfc6d4b" outcome="Passed" testListId="8c84fa94-04c1-424b-9868-57a2d4851a1d" relativeResultsDirectory="82d36369-0415-48ca-88dc-e5397830cae4" />
    <UnitTestResult executionId="2f8f29de-74f8-468f-a4b0-b0637dfc2eb6" testId="777323f8-30b1-e147-ce83-e5df13b89f6e" testName="InventoryApi.Tests.Services.SiteCommissionServiceTests.Multiple_valid_rates_are_complete_and_calculated_per_sale" computerName="HOME-PC" duration="00:00:00.0028214" startTime="2026-09-10T10:34:10.0854547+10:00" endTime="2026-09-10T10:34:10.0854548+10:00" testType="13cdc9d9-ddb5-4fa4-a97d-d965ccfc6d4b" outcome="Passed" testListId="8c84fa94-04c1-424b-9868-57a2d4851a1d" relativeResultsDirectory="2f8f29de-74f8-468f-a4b0-b0637dfc2eb6" />
    <UnitTestResult executionId="43133b26-3d0c-4d79-af54-d7ef0b28b8e2" testId="90664c06-e559-22ac-aa87-c4c4f7dcb586" testName="InventoryApi.Tests.Services.NayaxProcessingFeeServiceTests.ResolveNayaxFeeRate_returns_null_when_no_rate_applies" computerName="HOME-PC" duration="00:00:00.0000723" startTime="2026-09-10T10:34:10.1543789+10:00" endTime="2026-09-10T10:34:10.1543790+10:00" testType="13cdc9d9-ddb5-4fa4-a97d-d965ccfc6d4b" outcome="Passed" testListId="8c84fa94-04c1-424b-9868-57a2d4851a1d" relativeResultsDirectory="43133b26-3d0c-4d79-af54-d7ef0b28b8e2" />
    <UnitTestResult executionId="5b48d467-f156-46f5-b105-10a018b0d41e" testId="f7ae4f32-2c36-753c-d596-d06f94a35f2e" testName="InventoryApi.Tests.Controllers.OperatingExpensesControllerTests.Create_with_attachment_saves_and_serves_document(fileName: &quot;invoice.pdf&quot;, contentType: &quot;application/pdf&quot;)" computerName="HOME-PC" duration="00:00:00.0028688" startTime="2026-09-10T10:34:10.0913801+10:00" endTime="2026-09-10T10:34:10.0913802+10:00" testType="13cdc9d9-ddb5-4fa4-a97d-d965ccfc6d4b" outcome="Passed" testListId="8c84fa94-04c1-424b-9868-57a2d4851a1d" relativeResultsDirectory="5b48d467-f156-46f5-b105-10a018b0d41e" />
    <UnitTestResult executionId="2a467632-0933-4f3d-8cb6-a3ab2cc2b61d" testId="5ae647e5-d25e-d18a-090a-d98cc2b88da3" testName="InventoryApi.Tests.Services.NayaxHistoricalCostTests.Import_maps_supported_transaction_cost_headers(header: &quot;Product Cost Price&quot;)" computerName="HOME-PC" duration="00:00:00.0013720" startTime="2026-09-10T10:34:10.2482330+10:00" endTime="2026-09-10T10:34:10.2482330+10:00" testType="13cdc9d9-ddb5-4fa4-a97d-d965ccfc6d4b" outcome="Passed" testListId="8c84fa94-04c1-424b-9868-57a2d4851a1d" relativeResultsDirectory="2a467632-0933-4f3d-8cb6-a3ab2cc2b61d" />
    <UnitTestResult executionId="01569c58-005b-48e5-abf8-9b2a2cfdd67e" testId="44c52536-2a3b-1e0c-2c78-e945e0a7f9cf" testName="InventoryApi.Tests.Services.ReportingServiceTests.Bookkeeping_marks_profit_unavailable_when_completed_sale_has_no_persisted_cogs" computerName="HOME-PC" duration="00:00:00.0034478" startTime="2026-09-10T10:34:10.1618674+10:00" endTime="2026-09-10T10:34:10.1618674+10:00" testType="13cdc9d9-ddb5-4fa4-a97d-d965ccfc6d4b" outcome="Passed" testListId="8c84fa94-04c1-424b-9868-57a2d4851a1d" relativeResultsDirectory="01569c58-005b-48e5-abf8-9b2a2cfdd67e" />
    <UnitTestResult executionId="d3d0004f-cd2c-4bd1-a6c9-f1bd41e32a25" testId="8a4870e0-a1b7-92a5-762c-e551819d7cef" testName="InventoryApi.Tests.Services.ReportingServiceTests.Reporting_service_resolves_with_required_financial_dependencies" computerName="HOME-PC" duration="00:00:00.0058949" startTime="2026-09-10T10:34:10.1677766+10:00" endTime="2026-09-10T10:34:10.1677767+10:00" testType="13cdc9d9-ddb5-4fa4-a97d-d965ccfc6d4b" outcome="Passed" testListId="8c84fa94-04c1-424b-9868-57a2d4851a1d" relativeResultsDirectory="d3d0004f-cd2c-4bd1-a6c9-f1bd41e32a25" />
    <UnitTestResult executionId="c7b253ca-4c05-4b7d-b161-3f43ea80d78c" testId="f3866bd3-acc4-91b5-b320-069847a76db3" testName="InventoryApi.Tests.Services.NayaxProcessingFeeServiceTests.Uses_effective_dated_rates_and_cash_has_no_fee" computerName="HOME-PC" duration="00:00:00.4613982" startTime="2026-09-10T10:34:10.0816693+10:00" endTime="2026-09-10T10:34:10.0816693+10:00" testType="13cdc9d9-ddb5-4fa4-a97d-d965ccfc6d4b" outcome="Passed" testListId="8c84fa94-04c1-424b-9868-57a2d4851a1d" relativeResultsDirectory="c7b253ca-4c05-4b7d-b161-3f43ea80d78c" />
    <UnitTestResult executionId="bebfab4d-783c-4c0f-972b-a8c48d88926a" testId="40369de9-80fa-a07b-459f-79376465b653" testName="InventoryApi.Tests.Services.ReceiptServiceTests.ComputeValidation_no_mismatch_when_totals_match" computerName="HOME-PC" duration="00:00:00.4766747" startTime="2026-09-10T10:34:10.1071285+10:00" endTime="2026-09-10T10:34:10.1071286+10:00" testType="13cdc9d9-ddb5-4fa4-a97d-d965ccfc6d4b" outcome="Failed" testListId="8c84fa94-04c1-424b-9868-57a2d4851a1d" relativeResultsDirectory="bebfab4d-783c-4c0f-972b-a8c48d88926a">
      <Output>
        <ErrorInfo>
          <Message>InventoryApi.Services.InventoryCostDataQualityException : Product 1 stored physical quantity 0 does not reconcile to its movement history (20).</Message>
          <StackTrace>   at InventoryApi.Services.InventoryCostRebuildService.ThrowIfFatal(InventoryCostRebuildResult result) in C:\Users\crist\source\InventoryApp2\InventoryApp\backend\InventoryApi\Services\InventoryCostRebuildService.cs:line 255&#xD;
   at InventoryApi.Services.InventoryCostRebuildService.RebuildAsync(Int64 productId, Nullable`1 recostCompletedSalesFrom, Boolean dryRun, CancellationToken cancellationToken) in C:\Users\crist\source\InventoryApp2\InventoryApp\backend\InventoryApi\Services\InventoryCostRebuildService.cs:line 39&#xD;
   at InventoryApi.Services.ReceiptService.RebuildAffectedAsync(IEnumerable`1 affected) in C:\Users\crist\source\InventoryApp2\InventoryApp\backend\InventoryApi\Services\ReceiptService.cs:line 336&#xD;
   at InventoryApi.Services.ReceiptService.Upload(IFormFile file, String title, String notes, Nullable`1 totalAmount, Nullable`1 deliveryCost, Nullable`1 packageCost, Nullable`1 purchaseDate, Nullable`1 supplierId, IReadOnlyList`1 items) in C:\Users\crist\source\InventoryApp2\InventoryApp\backend\InventoryApi\Services\ReceiptService.cs:line 114&#xD;
   at InventoryApi.Services.ReceiptService.Upload(IFormFile file, String title, String notes, Nullable`1 totalAmount, Nullable`1 deliveryCost, Nullable`1 packageCost, Nullable`1 purchaseDate, Nullable`1 supplierId, IReadOnlyList`1 items) in C:\Users\crist\source\InventoryApp2\InventoryApp\backend\InventoryApi\Services\ReceiptService.cs:line 116&#xD;
   at InventoryApi.Tests.Services.ReceiptServiceTests.ComputeValidation_no_mismatch_when_totals_match() in C:\Users\crist\source\InventoryApp2\InventoryApp\backend\InventoryApi.Tests\Services\ReceiptServiceTests.cs:line 413&#xD;
--- End of stack trace from previous location ---</StackTrace>
        </ErrorInfo>
      </Output>
    </UnitTestResult>
    <UnitTestResult executionId="02b3ede6-24bb-4186-9d9c-60436612f62b" testId="47800645-fd9b-0875-3b3c-d5ee8d31e1ae" testName="InventoryApi.Tests.Services.ReportingServiceTests.Machine_direct_profit_excludes_unallocated_overhead_and_filtered_reports_do_not_return_net_profit" computerName="HOME-PC" duration="00:00:00.0536396" startTime="2026-09-10T10:34:10.3863235+10:00" endTime="2026-09-10T10:34:10.3863236+10:00" testType="13cdc9d9-ddb5-4fa4-a97d-d965ccfc6d4b" outcome="Passed" testListId="8c84fa94-04c1-424b-9868-57a2d4851a1d" relativeResultsDirectory="02b3ede6-24bb-4186-9d9c-60436612f62b" />
    <UnitTestResult executionId="67ea6912-48b2-4950-97b9-8baa5ea5db33" testId="61d75ce0-f172-860d-cb89-24fd87d87b69" testName="InventoryApi.Tests.Services.ReceiptServiceTests.Upload_preserves_user_notes_when_total_mismatches" computerName="HOME-PC" duration="00:00:00.0034564" startTime="2026-09-10T10:34:10.2097409+10:00" endTime="2026-09-10T10:34:10.2097410+10:00" testType="13cdc9d9-ddb5-4fa4-a97d-d965ccfc6d4b" outcome="Failed" testListId="8c84fa94-04c1-424b-9868-57a2d4851a1d" relativeResultsDirectory="67ea6912-48b2-4950-97b9-8baa5ea5db33">
      <Output>
        <ErrorInfo>
          <Message>InventoryApi.Services.InventoryCostDataQualityException : Product 1 stored physical quantity 0 does not reconcile to its movement history (20).</Message>
          <StackTrace>   at InventoryApi.Services.InventoryCostRebuildService.ThrowIfFatal(InventoryCostRebuildResult result) in C:\Users\crist\source\InventoryApp2\InventoryApp\backend\InventoryApi\Services\InventoryCostRebuildService.cs:line 255&#xD;
   at InventoryApi.Services.InventoryCostRebuildService.RebuildAsync(Int64 productId, Nullable`1 recostCompletedSalesFrom, Boolean dryRun, CancellationToken cancellationToken) in C:\Users\crist\source\InventoryApp2\InventoryApp\backend\InventoryApi\Services\InventoryCostRebuildService.cs:line 39&#xD;
   at InventoryApi.Services.ReceiptService.RebuildAffectedAsync(IEnumerable`1 affected) in C:\Users\crist\source\InventoryApp2\InventoryApp\backend\InventoryApi\Services\ReceiptService.cs:line 336&#xD;
   at InventoryApi.Services.ReceiptService.Upload(IFormFile file, String title, String notes, Nullable`1 totalAmount, Nullable`1 deliveryCost, Nullable`1 packageCost, Nullable`1 purchaseDate, Nullable`1 supplierId, IReadOnlyList`1 items) in C:\Users\crist\source\InventoryApp2\InventoryApp\backend\InventoryApi\Services\ReceiptService.cs:line 114&#xD;
   at InventoryApi.Services.ReceiptService.Upload(IFormFile file, String title, String notes, Nullable`1 totalAmount, Nullable`1 deliveryCost, Nullable`1 packageCost, Nullable`1 purchaseDate, Nullable`1 supplierId, IReadOnlyList`1 items) in C:\Users\crist\source\InventoryApp2\InventoryApp\backend\InventoryApi\Services\ReceiptService.cs:line 116&#xD;
   at InventoryApi.Tests.Services.ReceiptServiceTests.Upload_preserves_user_notes_when_total_mismatches() in C:\Users\crist\source\InventoryApp2\InventoryApp\backend\InventoryApi.Tests\Services\ReceiptServiceTests.cs:line 337&#xD;
--- End of stack trace from previous location ---</StackTrace>
        </ErrorInfo>
      </Output>
    </UnitTestResult>
    <UnitTestResult executionId="1b46884a-30ec-4828-8d72-8bdb944a00d3" testId="da5372a7-586a-1e05-1833-e78ee2c00590" testName="InventoryApi.Tests.Services.ReceiptServiceTests.ComputeValidation_empty_items_with_delivery_package_detects_mismatch" computerName="HOME-PC" duration="00:00:00.0067839" startTime="2026-09-10T10:34:10.1147786+10:00" endTime="2026-09-10T10:34:10.1147786+10:00" testType="13cdc9d9-ddb5-4fa4-a97d-d965ccfc6d4b" outcome="Passed" testListId="8c84fa94-04c1-424b-9868-57a2d4851a1d" relativeResultsDirectory="1b46884a-30ec-4828-8d72-8bdb944a00d3" />
    <UnitTestResult executionId="01a7f122-da45-420e-90e3-c7bbd3b0ae7a" testId="f60267a1-1a92-1c12-3e13-685e4ed0199c" testName="InventoryApi.Tests.Services.ReceiptServiceTests.Upload_Posts_receipt_items_to_storage_without_machine_refill" computerName="HOME-PC" duration="00:00:00.0043899" startTime="2026-09-10T10:34:10.1836060+10:00" endTime="2026-09-10T10:34:10.1836062+10:00" testType="13cdc9d9-ddb5-4fa4-a97d-d965ccfc6d4b" outcome="Failed" testListId="8c84fa94-04c1-424b-9868-57a2d4851a1d" relativeResultsDirectory="01a7f122-da45-420e-90e3-c7bbd3b0ae7a">
      <Output>
        <ErrorInfo>
          <Message>InventoryApi.Services.InventoryCostDataQualityException : Product 1 stored physical quantity 2 does not reconcile to its movement history (24).</Message>
          <StackTrace>   at InventoryApi.Services.InventoryCostRebuildService.ThrowIfFatal(InventoryCostRebuildResult result) in C:\Users\crist\source\InventoryApp2\InventoryApp\backend\InventoryApi\Services\InventoryCostRebuildService.cs:line 255&#xD;
   at InventoryApi.Services.InventoryCostRebuildService.RebuildAsync(Int64 productId, Nullable`1 recostCompletedSalesFrom, Boolean dryRun, CancellationToken cancellationToken) in C:\Users\crist\source\InventoryApp2\InventoryApp\backend\InventoryApi\Services\InventoryCostRebuildService.cs:line 39&#xD;
   at InventoryApi.Services.ReceiptService.RebuildAffectedAsync(IEnumerable`1 affected) in C:\Users\crist\source\InventoryApp2\InventoryApp\backend\InventoryApi\Services\ReceiptService.cs:line 336&#xD;
   at InventoryApi.Services.ReceiptService.Upload(IFormFile file, String title, String notes, Nullable`1 totalAmount, Nullable`1 deliveryCost, Nullable`1 packageCost, Nullable`1 purchaseDate, Nullable`1 supplierId, IReadOnlyList`1 items) in C:\Users\crist\source\InventoryApp2\InventoryApp\backend\InventoryApi\Services\ReceiptService.cs:line 114&#xD;
   at InventoryApi.Services.ReceiptService.Upload(IFormFile file, String title, String notes, Nullable`1 totalAmount, Nullable`1 deliveryCost, Nullable`1 packageCost, Nullable`1 purchaseDate, Nullable`1 supplierId, IReadOnlyList`1 items) in C:\Users\crist\source\InventoryApp2\InventoryApp\backend\InventoryApi\Services\ReceiptService.cs:line 116&#xD;
   at InventoryApi.Tests.Services.ReceiptServiceTests.Upload_Posts_receipt_items_to_storage_without_machine_refill() in C:\Users\crist\source\InventoryApp2\InventoryApp\backend\InventoryApi.Tests\Services\ReceiptServiceTests.cs:line 109&#xD;
--- End of stack trace from previous location ---</StackTrace>
        </ErrorInfo>
      </Output>
    </UnitTestResult>
    <UnitTestResult executionId="d7cdf11b-4fdd-4550-9428-c01150852f9b" testId="6075edbf-b287-281d-b436-884b58e8aeef" testName="InventoryApi.Tests.Services.SupplierServiceTests.Create_Update_Delete_Supplier" computerName="HOME-PC" duration="00:00:00.4307619" startTime="2026-09-10T10:34:10.0508920+10:00" endTime="2026-09-10T10:34:10.0508921+10:00" testType="13cdc9d9-ddb5-4fa4-a97d-d965ccfc6d4b" outcome="Passed" testListId="8c84fa94-04c1-424b-9868-57a2d4851a1d" relativeResultsDirectory="d7cdf11b-4fdd-4550-9428-c01150852f9b" />
    <UnitTestResult executionId="97e08041-c5c3-40be-9c79-a6e13b2b9526" testId="e31614f3-aa0a-a2c8-4ddc-2579665c8528" testName="InventoryApi.Tests.Services.ReportingServiceTests.Transaction_sales_uses_filters_estimated_fees_commission_and_full_totals" computerName="HOME-PC" duration="00:00:00.0029473" startTime="2026-09-10T10:34:10.4018150+10:00" endTime="2026-09-10T10:34:10.4018150+10:00" testType="13cdc9d9-ddb5-4fa4-a97d-d965ccfc6d4b" outcome="Passed" testListId="8c84fa94-04c1-424b-9868-57a2d4851a1d" relativeResultsDirectory="97e08041-c5c3-40be-9c79-a6e13b2b9526" />
    <UnitTestResult executionId="a4129442-f0af-4ce1-993c-9ed463224754" testId="f0008e23-8efa-65c5-e35f-5352d6e9d426" testName="InventoryApi.Tests.Services.MachineServiceTests.GetById_Computes_Revenues" computerName="HOME-PC" duration="00:00:00.4594434" startTime="2026-09-10T10:34:10.0857055+10:00" endTime="2026-09-10T10:34:10.0857057+10:00" testType="13cdc9d9-ddb5-4fa4-a97d-d965ccfc6d4b" outcome="Passed" testListId="8c84fa94-04c1-424b-9868-57a2d4851a1d" relativeResultsDirectory="a4129442-f0af-4ce1-993c-9ed463224754" />
    <UnitTestResult executionId="c982a446-07a3-438a-9748-4ed444a1b8ec" testId="69532b8f-9bab-0bbd-40c1-d4521450f6e5" testName="InventoryApi.Tests.Services.ReportingServiceTests.Australian_financial_year_has_correct_boundary(dateText: &quot;2025-06-30&quot;, label: &quot;FY2024-25&quot;)" computerName="HOME-PC" duration="00:00:00.0001226" startTime="2026-09-10T10:34:10.3263961+10:00" endTime="2026-09-10T10:34:10.3263961+10:00" testType="13cdc9d9-ddb5-4fa4-a97d-d965ccfc6d4b" outcome="Passed" testListId="8c84fa94-04c1-424b-9868-57a2d4851a1d" relativeResultsDirectory="c982a446-07a3-438a-9748-4ed444a1b8ec" />
    <UnitTestResult executionId="4cfb38c7-e66a-413f-8b54-311216c03527" testId="1b3c0f7c-7471-74c3-c9ec-85ac71e5413b" testName="InventoryApi.Tests.Services.SiteCommissionServiceTests.Overlap_keeps_sales_totals_and_marks_configuration_incomplete" computerName="HOME-PC" duration="00:00:00.0020314" startTime="2026-09-10T10:34:10.0875312+10:00" endTime="2026-09-10T10:34:10.0875314+10:00" testType="13cdc9d9-ddb5-4fa4-a97d-d965ccfc6d4b" outcome="Passed" testListId="8c84fa94-04c1-424b-9868-57a2d4851a1d" relativeResultsDirectory="4cfb38c7-e66a-413f-8b54-311216c03527" />
    <UnitTestResult executionId="dc82f665-8219-4aaf-adbc-43fa9a651e3b" testId="4452ab0e-dcee-8477-8d45-08668ae4f6eb" testName="InventoryApi.Tests.Services.ImportServiceTests.ImportProducts_adds_new_products_and_categories" computerName="HOME-PC" duration="00:00:00.4117560" startTime="2026-09-10T10:34:10.0319632+10:00" endTime="2026-09-10T10:34:10.0319634+10:00" testType="13cdc9d9-ddb5-4fa4-a97d-d965ccfc6d4b" outcome="Passed" testListId="8c84fa94-04c1-424b-9868-57a2d4851a1d" relativeResultsDirectory="dc82f665-8219-4aaf-adbc-43fa9a651e3b" />
    <UnitTestResult executionId="32ab15ec-ac4b-43c3-af61-b54440a807ea" testId="350822ac-e8cd-e5b2-0516-089e41df2403" testName="InventoryApi.Tests.Controllers.OperatingExpensesControllerTests.Replacing_attachment_deletes_the_previous_file_after_saving" computerName="HOME-PC" duration="00:00:00.4397939" startTime="2026-09-10T10:34:10.0634735+10:00" endTime="2026-09-10T10:34:10.0634736+10:00" testType="13cdc9d9-ddb5-4fa4-a97d-d965ccfc6d4b" outcome="Passed" testListId="8c84fa94-04c1-424b-9868-57a2d4851a1d" relativeResultsDirectory="32ab15ec-ac4b-43c3-af61-b54440a807ea" />
    <UnitTestResult executionId="58418514-6151-4329-9321-5f600989f637" testId="87e2ee93-802e-9035-b53f-cb2978c43faa" testName="InventoryApi.Tests.Services.NayaxTransactionStatusTests.Classifier_maps_raw_status_ids(statusId: 21, expected: Unknown)" computerName="HOME-PC" duration="00:00:00.0000041" startTime="2026-09-10T10:34:09.6312636+10:00" endTime="2026-09-10T10:34:09.6312637+10:00" testType="13cdc9d9-ddb5-4fa4-a97d-d965ccfc6d4b" outcome="Passed" testListId="8c84fa94-04c1-424b-9868-57a2d4851a1d" relativeResultsDirectory="58418514-6151-4329-9321-5f600989f637" />
    <UnitTestResult executionId="048a3aa9-d158-48da-95d3-82fcfa4e57ed" testId="58524c18-8707-62ee-feaa-81990c777e81" testName="InventoryApi.Tests.Services.NayaxTransactionStatusTests.Classifier_maps_raw_status_ids(statusId: 28, expected: CancelledOrDeclined)" computerName="HOME-PC" duration="00:00:00.0000045" startTime="2026-09-10T10:34:09.6315522+10:00" endTime="2026-09-10T10:34:09.6315523+10:00" testType="13cdc9d9-ddb5-4fa4-a97d-d965ccfc6d4b" outcome="Passed" testListId="8c84fa94-04c1-424b-9868-57a2d4851a1d" relativeResultsDirectory="048a3aa9-d158-48da-95d3-82fcfa4e57ed" />
    <UnitTestResult executionId="ba0f848e-b759-473d-9730-d744b0e12b10" testId="08cd110b-6555-2c4a-b73b-028113c6ef32" testName="InventoryApi.Tests.Services.InventoryCostRebuildServiceTests.Rebuild_applies_cost_only_purchase_edit" computerName="HOME-PC" duration="00:00:00.4662655" startTime="2026-09-10T10:34:10.1074049+10:00" endTime="2026-09-10T10:34:10.1074050+10:00" testType="13cdc9d9-ddb5-4fa4-a97d-d965ccfc6d4b" outcome="Failed" testListId="8c84fa94-04c1-424b-9868-57a2d4851a1d" relativeResultsDirectory="ba0f848e-b759-473d-9730-d744b0e12b10">
      <Output>
        <ErrorInfo>
          <Message>InventoryApi.Services.InventoryCostDataQualityException : Product 1 stored physical quantity 0 does not reconcile to its movement history (10).</Message>
          <StackTrace>   at InventoryApi.Services.InventoryCostRebuildService.ThrowIfFatal(InventoryCostRebuildResult result) in C:\Users\crist\source\InventoryApp2\InventoryApp\backend\InventoryApi\Services\InventoryCostRebuildService.cs:line 255&#xD;
   at InventoryApi.Services.InventoryCostRebuildService.RebuildAsync(Int64 productId, Nullable`1 recostCompletedSalesFrom, Boolean dryRun, CancellationToken cancellationToken) in C:\Users\crist\source\InventoryApp2\InventoryApp\backend\InventoryApi\Services\InventoryCostRebuildService.cs:line 39&#xD;
   at InventoryApi.Tests.Services.InventoryCostRebuildServiceTests.Rebuild_applies_cost_only_purchase_edit() in C:\Users\crist\source\InventoryApp2\InventoryApp\backend\InventoryApi.Tests\Services\InventoryCostRebuildServiceTests.cs:line 94&#xD;
   at InventoryApi.Tests.Services.InventoryCostRebuildServiceTests.Rebuild_applies_cost_only_purchase_edit() in C:\Users\crist\source\InventoryApp2\InventoryApp\backend\InventoryApi.Tests\Services\InventoryCostRebuildServiceTests.cs:line 102&#xD;
--- End of stack trace from previous location ---</StackTrace>
        </ErrorInfo>
      </Output>
    </UnitTestResult>
    <UnitTestResult executionId="44af0933-8f15-40e2-b1c3-6dc4a0383301" testId="148a430d-8cfb-6602-2964-ff4ef0ddcbf0" testName="InventoryApi.Tests.Services.NayaxHistoricalCostTests.Transaction_cost_applies_to_completed_card_and_cash_sales(paymentMethod: &quot;Card&quot;)" computerName="HOME-PC" duration="00:00:00.4648053" startTime="2026-09-10T10:34:10.0850473+10:00" endTime="2026-09-10T10:34:10.0850474+10:00" testType="13cdc9d9-ddb5-4fa4-a97d-d965ccfc6d4b" outcome="Passed" testListId="8c84fa94-04c1-424b-9868-57a2d4851a1d" relativeResultsDirectory="44af0933-8f15-40e2-b1c3-6dc4a0383301" />
    <UnitTestResult executionId="3c196e30-acb7-49d0-9ae5-04813c4bfac5" testId="3d217b06-2e00-2d68-a288-9873e6fdf83d" testName="InventoryApi.Tests.Services.ReportingServiceTests.Machine_profitability_keeps_valid_zero_commission_machine_when_another_machine_has_no_site_mapping" computerName="HOME-PC" duration="00:00:00.0021847" startTime="2026-09-10T10:34:10.3885431+10:00" endTime="2026-09-10T10:34:10.3885431+10:00" testType="13cdc9d9-ddb5-4fa4-a97d-d965ccfc6d4b" outcome="Passed" testListId="8c84fa94-04c1-424b-9868-57a2d4851a1d" relativeResultsDirectory="3c196e30-acb7-49d0-9ae5-04813c4bfac5" />
    <UnitTestResult executionId="af2594ea-e669-4d3b-a67e-edd3fdb1e457" testId="36f3e43c-bf4a-ef8f-efb8-39edbdf5a1e5" testName="InventoryApi.Tests.Controllers.OperatingExpensesControllerTests.Delete_removes_the_attachment_file" computerName="HOME-PC" duration="00:00:00.0102972" startTime="2026-09-10T10:34:10.0761342+10:00" endTime="2026-09-10T10:34:10.0761343+10:00" testType="13cdc9d9-ddb5-4fa4-a97d-d965ccfc6d4b" outcome="Passed" testListId="8c84fa94-04c1-424b-9868-57a2d4851a1d" relativeResultsDirectory="af2594ea-e669-4d3b-a67e-edd3fdb1e457" />
    <UnitTestResult executionId="b99fc9ef-aaeb-46ff-be5d-c5e99fbf205e" testId="50bcdff6-cfdf-6b3e-eda6-c0987945697c" testName="InventoryApi.Tests.Services.ReceiptServiceTests.ComputeValidation_detects_total_mismatch" computerName="HOME-PC" duration="00:00:00.0177175" startTime="2026-09-10T10:34:10.2019030+10:00" endTime="2026-09-10T10:34:10.2019031+10:00" testType="13cdc9d9-ddb5-4fa4-a97d-d965ccfc6d4b" outcome="Failed" testListId="8c84fa94-04c1-424b-9868-57a2d4851a1d" relativeResultsDirectory="b99fc9ef-aaeb-46ff-be5d-c5e99fbf205e">
      <Output>
        <ErrorInfo>
          <Message>InventoryApi.Services.InventoryCostDataQualityException : Product 1 stored physical quantity 0 does not reconcile to its movement history (20).</Message>
          <StackTrace>   at InventoryApi.Services.InventoryCostRebuildService.ThrowIfFatal(InventoryCostRebuildResult result) in C:\Users\crist\source\InventoryApp2\InventoryApp\backend\InventoryApi\Services\InventoryCostRebuildService.cs:line 255&#xD;
   at InventoryApi.Services.InventoryCostRebuildService.RebuildAsync(Int64 productId, Nullable`1 recostCompletedSalesFrom, Boolean dryRun, CancellationToken cancellationToken) in C:\Users\crist\source\InventoryApp2\InventoryApp\backend\InventoryApi\Services\InventoryCostRebuildService.cs:line 39&#xD;
   at InventoryApi.Services.ReceiptService.RebuildAffectedAsync(IEnumerable`1 affected) in C:\Users\crist\source\InventoryApp2\InventoryApp\backend\InventoryApi\Services\ReceiptService.cs:line 336&#xD;
   at InventoryApi.Services.ReceiptService.Upload(IFormFile file, String title, String notes, Nullable`1 totalAmount, Nullable`1 deliveryCost, Nullable`1 packageCost, Nullable`1 purchaseDate, Nullable`1 supplierId, IReadOnlyList`1 items) in C:\Users\crist\source\InventoryApp2\InventoryApp\backend\InventoryApi\Services\ReceiptService.cs:line 114&#xD;
   at InventoryApi.Services.ReceiptService.Upload(IFormFile file, String title, String notes, Nullable`1 totalAmount, Nullable`1 deliveryCost, Nullable`1 packageCost, Nullable`1 purchaseDate, Nullable`1 supplierId, IReadOnlyList`1 items) in C:\Users\crist\source\InventoryApp2\InventoryApp\backend\InventoryApi\Services\ReceiptService.cs:line 116&#xD;
   at InventoryApi.Tests.Services.ReceiptServiceTests.ComputeValidation_detects_total_mismatch() in C:\Users\crist\source\InventoryApp2\InventoryApp\backend\InventoryApi.Tests\Services\ReceiptServiceTests.cs:line 374&#xD;
--- End of stack trace from previous location ---</StackTrace>
        </ErrorInfo>
      </Output>
    </UnitTestResult>
    <UnitTestResult executionId="311dffc7-3125-43fd-85a2-7a729534427c" testId="4a3f37d0-47d8-57be-3a7d-6d8c909df6f2" testName="InventoryApi.Tests.Services.NayaxTransactionStatusTests.Pending_completed_reimport_updates_existing_transaction" computerName="HOME-PC" duration="00:00:00.1357485" startTime="2026-09-10T10:34:10.2506911+10:00" endTime="2026-09-10T10:34:10.2506912+10:00" testType="13cdc9d9-ddb5-4fa4-a97d-d965ccfc6d4b" outcome="Passed" testListId="8c84fa94-04c1-424b-9868-57a2d4851a1d" relativeResultsDirectory="311dffc7-3125-43fd-85a2-7a729534427c" />
    <UnitTestResult executionId="1e216df5-2b13-4c67-9210-a10d1f9b68b7" testId="9eda1aa5-39f6-ee6b-c0ee-08149c3400f7" testName="InventoryApi.Tests.Services.ReceiptServiceTests.Upload_Saves_Receipt" computerName="HOME-PC" duration="00:00:00.0098787" startTime="2026-09-10T10:34:10.1152595+10:00" endTime="2026-09-10T10:34:10.1152596+10:00" testType="13cdc9d9-ddb5-4fa4-a97d-d965ccfc6d4b" outcome="Passed" testListId="8c84fa94-04c1-424b-9868-57a2d4851a1d" relativeResultsDirectory="1e216df5-2b13-4c67-9210-a10d1f9b68b7" />
    <UnitTestResult executionId="4d64162f-1e13-4cce-b1a5-2f799e3ba6aa" testId="05e3b5ef-7239-615f-f8db-658ed0ed6208" testName="InventoryApi.Tests.Services.InventoryCostRebuildServiceTests.Dry_run_reports_missing_opening_without_mutating_product" computerName="HOME-PC" duration="00:00:00.0164916" startTime="2026-09-10T10:34:10.1152447+10:00" endTime="2026-09-10T10:34:10.1152447+10:00" testType="13cdc9d9-ddb5-4fa4-a97d-d965ccfc6d4b" outcome="Passed" testListId="8c84fa94-04c1-424b-9868-57a2d4851a1d" relativeResultsDirectory="4d64162f-1e13-4cce-b1a5-2f799e3ba6aa" />
    <UnitTestResult executionId="46d4d035-891b-44c3-bcb7-09d8f10b1b29" testId="8783fc1c-755a-22fe-345e-c5eb06e1f812" testName="InventoryApi.Tests.Services.ReportingServiceTests.Machine_filtered_reports_scope_commission_completeness_to_the_selected_machine" computerName="HOME-PC" duration="00:00:00.0055033" startTime="2026-09-10T10:34:10.8417912+10:00" endTime="2026-09-10T10:34:10.8417913+10:00" testType="13cdc9d9-ddb5-4fa4-a97d-d965ccfc6d4b" outcome="Passed" testListId="8c84fa94-04c1-424b-9868-57a2d4851a1d" relativeResultsDirectory="46d4d035-891b-44c3-bcb7-09d8f10b1b29" />
[...]
[xUnit.net 00:00:00.70]       Stack Trace:&#xD;
[xUnit.net 00:00:00.70]         C:\Users\crist\source\InventoryApp2\InventoryApp\backend\InventoryApi\Services\InventoryCostRebuildService.cs(255,0): at InventoryApi.Services.InventoryCostRebuildService.ThrowIfFatal(InventoryCostRebuildResult result)&#xD;
[xUnit.net 00:00:00.70]         C:\Users\crist\source\InventoryApp2\InventoryApp\backend\InventoryApi\Services\InventoryCostRebuildService.cs(39,0): at InventoryApi.Services.InventoryCostRebuildService.RebuildAsync(Int64 productId, Nullable`1 recostCompletedSalesFrom, Boolean dryRun, CancellationToken cancellationToken)&#xD;
[xUnit.net 00:00:00.70]         C:\Users\crist\source\InventoryApp2\InventoryApp\backend\InventoryApi\Services\ReceiptService.cs(336,0): at InventoryApi.Services.ReceiptService.RebuildAffectedAsync(IEnumerable`1 affected)&#xD;
[xUnit.net 00:00:00.70]         C:\Users\crist\source\InventoryApp2\InventoryApp\backend\InventoryApi\Services\ReceiptService.cs(114,0): at InventoryApi.Services.ReceiptService.Upload(IFormFile file, String title, String notes, Nullable`1 totalAmount, Nullable`1 deliveryCost, Nullable`1 packageCost, Nullable`1 purchaseDate, Nullable`1 supplierId, IReadOnlyList`1 items)&#xD;
[xUnit.net 00:00:00.70]         C:\Users\crist\source\InventoryApp2\InventoryApp\backend\InventoryApi\Services\ReceiptService.cs(116,0): at InventoryApi.Services.ReceiptService.Upload(IFormFile file, String title, String notes, Nullable`1 totalAmount, Nullable`1 deliveryCost, Nullable`1 packageCost, Nullable`1 purchaseDate, Nullable`1 supplierId, IReadOnlyList`1 items)&#xD;
[xUnit.net 00:00:00.70]         C:\Users\crist\source\InventoryApp2\InventoryApp\backend\InventoryApi.Tests\Services\ReceiptServiceTests.cs(374,0): at InventoryApi.Tests.Services.ReceiptServiceTests.ComputeValidation_detects_total_mismatch()&#xD;
[xUnit.net 00:00:00.70]         --- End of stack trace from previous location ---&#xD;
[xUnit.net 00:00:00.71]       InventoryApi.Services.InventoryCostDataQualityException : Product 1 stored physical quantity 0 does not reconcile to its movement history (20).&#xD;
[xUnit.net 00:00:00.71]       Stack Trace:&#xD;
[xUnit.net 00:00:00.71]         C:\Users\crist\source\InventoryApp2\InventoryApp\backend\InventoryApi\Services\InventoryCostRebuildService.cs(255,0): at InventoryApi.Services.InventoryCostRebuildService.ThrowIfFatal(InventoryCostRebuildResult result)&#xD;
[xUnit.net 00:00:00.71]         C:\Users\crist\source\InventoryApp2\InventoryApp\backend\InventoryApi\Services\InventoryCostRebuildService.cs(39,0): at InventoryApi.Services.InventoryCostRebuildService.RebuildAsync(Int64 productId, Nullable`1 recostCompletedSalesFrom, Boolean dryRun, CancellationToken cancellationToken)&#xD;
[xUnit.net 00:00:00.71]         C:\Users\crist\source\InventoryApp2\InventoryApp\backend\InventoryApi\Services\ReceiptService.cs(336,0): at InventoryApi.Services.ReceiptService.RebuildAffectedAsync(IEnumerable`1 affected)&#xD;
[xUnit.net 00:00:00.71]         C:\Users\crist\source\InventoryApp2\InventoryApp\backend\InventoryApi\Services\ReceiptService.cs(114,0): at InventoryApi.Services.ReceiptService.Upload(IFormFile file, String title, String notes, Nullable`1 totalAmount, Nullable`1 deliveryCost, Nullable`1 packageCost, Nullable`1 purchaseDate, Nullable`1 supplierId, IReadOnlyList`1 items)&#xD;
[xUnit.net 00:00:00.71]         C:\Users\crist\source\InventoryApp2\InventoryApp\backend\InventoryApi\Services\ReceiptService.cs(116,0): at InventoryApi.Services.ReceiptService.Upload(IFormFile file, String title, String notes, Nullable`1 totalAmount, Nullable`1 deliveryCost, Nullable`1 packageCost, Nullable`1 purchaseDate, Nullable`1 supplierId, IReadOnlyList`1 items)&#xD;
[xUnit.net 00:00:00.71]         C:\Users\crist\source\InventoryApp2\InventoryApp\backend\InventoryApi.Tests\Services\ReceiptServiceTests.cs(337,0): at InventoryApi.Tests.Services.ReceiptServiceTests.Upload_preserves_user_notes_when_total_mismatches()&#xD;
[xUnit.net 00:00:00.71]         --- End of stack trace from previous location ---&#xD;
[xUnit.net 00:00:00.71]       InventoryApi.Services.InventoryCostDataQualityException : Product 1 stored physical quantity 0 does not reconcile to its movement history (20).&#xD;
[xUnit.net 00:00:00.71]       Stack Trace:&#xD;
[xUnit.net 00:00:00.71]         C:\Users\crist\source\InventoryApp2\InventoryApp\backend\InventoryApi\Services\InventoryCostRebuildService.cs(255,0): at InventoryApi.Services.InventoryCostRebuildService.ThrowIfFatal(InventoryCostRebuildResult result)&#xD;
[xUnit.net 00:00:00.71]         C:\Users\crist\source\InventoryApp2\InventoryApp\backend\InventoryApi\Services\InventoryCostRebuildService.cs(39,0): at InventoryApi.Services.InventoryCostRebuildService.RebuildAsync(Int64 productId, Nullable`1 recostCompletedSalesFrom, Boolean dryRun, CancellationToken cancellationToken)&#xD;
[xUnit.net 00:00:00.71]         C:\Users\crist\source\InventoryApp2\InventoryApp\backend\InventoryApi\Services\ReceiptService.cs(336,0): at InventoryApi.Services.ReceiptService.RebuildAffectedAsync(IEnumerable`1 affected)&#xD;
[xUnit.net 00:00:00.71]         C:\Users\crist\source\InventoryApp2\InventoryApp\backend\InventoryApi\Services\ReceiptService.cs(114,0): at InventoryApi.Services.ReceiptService.Upload(IFormFile file, String title, String notes, Nullable`1 totalAmount, Nullable`1 deliveryCost, Nullable`1 packageCost, Nullable`1 purchaseDate, Nullable`1 supplierId, IReadOnlyList`1 items)&#xD;
[xUnit.net 00:00:00.71]         C:\Users\crist\source\InventoryApp2\InventoryApp\backend\InventoryApi\Services\ReceiptService.cs(116,0): at InventoryApi.Services.ReceiptService.Upload(IFormFile file, String title, String notes, Nullable`1 totalAmount, Nullable`1 deliveryCost, Nullable`1 packageCost, Nullable`1 purchaseDate, Nullable`1 supplierId, IReadOnlyList`1 items)&#xD;
[xUnit.net 00:00:00.71]         C:\Users\crist\source\InventoryApp2\InventoryApp\backend\InventoryApi.Tests\Services\ReceiptServiceTests.cs(452,0): at InventoryApi.Tests.Services.ReceiptServiceTests.Update_preserves_user_notes_and_computes_validation()&#xD;
[xUnit.net 00:00:00.71]         --- End of stack trace from previous location ---&#xD;
[xUnit.net 00:00:00.73]       Assert.Equal() Failure: Values differ&#xD;
[xUnit.net 00:00:00.73]       Expected: 125&#xD;
[xUnit.net 00:00:00.73]       Actual:   0&#xD;
[xUnit.net 00:00:00.73]       Stack Trace:&#xD;
[xUnit.net 00:00:00.73]         C:\Users\crist\source\InventoryApp2\InventoryApp\backend\InventoryApi.Tests\Services\ReportingServiceTests.cs(993,0): at InventoryApi.Tests.Services.ReportingServiceTests.Reconciliation_exposes_sales_fee_and_settlement_breakdown()&#xD;
[xUnit.net 00:00:00.73]         --- End of stack trace from previous location ---&#xD;
[xUnit.net 00:00:00.75]       Assert.Equal() Failure: Values differ&#xD;
[xUnit.net 00:00:00.75]       Expected: -0.005&#xD;
[xUnit.net 00:00:00.75]       Actual:   -100.005&#xD;
[xUnit.net 00:00:00.75]       Stack Trace:&#xD;
[xUnit.net 00:00:00.75]         C:\Users\crist\source\InventoryApp2\InventoryApp\backend\InventoryApi.Tests\Services\ReportingServiceTests.cs(865,0): at InventoryApi.Tests.Services.ReportingServiceTests.Reconciliation_matches_period_and_applies_tolerance()&#xD;
[xUnit.net 00:00:00.75]         --- End of stack trace from previous location ---&#xD;
[xUnit.net 00:00:00.78]       Assert.Equal() Failure: Values differ&#xD;
[xUnit.net 00:00:00.78]       Expected: 15&#xD;
[xUnit.net 00:00:00.78]       Actual:   10&#xD;
[xUnit.net 00:00:00.78]       Stack Trace:&#xD;
[xUnit.net 00:00:00.78]         C:\Users\crist\source\InventoryApp2\InventoryApp\backend\InventoryApi.Tests\Services\ReportingServiceTests.cs(427,0): at InventoryApi.Tests.Services.ReportingServiceTests.Daily_report_includes_payment_split_cogs_quality_and_period_reimbursement()&#xD;
[xUnit.net 00:00:00.78]         --- End of stack trace from previous location ---&#xD;
[xUnit.net 00:00:01.32]       Assert.Single() Failure: The collection was empty&#xD;
[xUnit.net 00:00:01.32]       Stack Trace:&#xD;
[xUnit.net 00:00:01.32]         C:\Users\crist\source\InventoryApp2\InventoryApp\backend\InventoryApi.Tests\Services\ReportingServiceTests.cs(390,0): at InventoryApi.Tests.Services.ReportingServiceTests.Date_and_machine_filters_are_inclusive_and_machine_specific()&#xD;
[xUnit.net 00:00:01.32]         --- End of stack trace from previous location ---&#xD;
[xUnit.net 00:00:01.32]       Assert.Single() Failure: The collection did not contain any matching items&#xD;
[xUnit.net 00:00:01.32]       Expected:   (predicate expression)&#xD;
[xUnit.net 00:00:01.32]       Collection: [ProductProfitabilityRowDto { ProductId = 1, ProductName = Known, CategoryName = , Sales = 10, Quantity = 1, CostOfGoods = 6, GrossProfit = 4, MarginPercent = 40.0, TransactionCount = 1, IsUnmapped = False, HistoricalCostAvailable = True, CardRevenue = 0, CashRevenue = 0, PartialCostOfGoods = 6, IsCogsComplete = True, UncostedTransactionCount = 0, UncostedSalesAmount = 0 }]&#xD;
[xUnit.net 00:00:01.32]       Stack Trace:&#xD;
[xUnit.net 00:00:01.32]         C:\Users\crist\source\InventoryApp2\InventoryApp\backend\InventoryApi.Tests\Services\ReportingServiceTests.cs(295,0): at InventoryApi.Tests.Services.ReportingServiceTests.Product_profitability_uses_decimal_cost_and_zero_safe_margin()&#xD;
[xUnit.net 00:00:01.32]         --- End of stack trace from previous location ---&#xD;
[xUnit.net 00:00:01.33]       Assert.Null() Failure: Value of type 'Nullable&lt;decimal&gt;' has a value&#xD;
[xUnit.net 00:00:01.33]       Expected: null&#xD;
[xUnit.net 00:00:01.33]       Actual:   7.78&#xD;
[xUnit.net 00:00:01.33]       Stack Trace:&#xD;
[xUnit.net 00:00:01.33]         C:\Users\crist\source\InventoryApp2\InventoryApp\backend\InventoryApi.Tests\Services\ReportingServiceTests.cs(153,0): at InventoryApi.Tests.Services.ReportingServiceTests.Commission_configuration_failures_make_financial_reports_provisional(Boolean overlaps, String expectedWarning)&#xD;
[xUnit.net 00:00:01.33]         --- End of stack trace from previous location ---&#xD;
[xUnit.net 00:00:01.35]       Assert.Equal() Failure: Values differ&#xD;
[xUnit.net 00:00:01.35]       Expected: 110&#xD;
[xUnit.net 00:00:01.35]       Actual:   0&#xD;
[xUnit.net 00:00:01.35]       Stack Trace:&#xD;
[xUnit.net 00:00:01.35]         C:\Users\crist\source\InventoryApp2\InventoryApp\backend\InventoryApi.Tests\Services\ReportingServiceTests.cs(504,0): at InventoryApi.Tests.Services.ReportingServiceTests.Bookkeeping_and_gst_use_centralised_decimal_formulas()&#xD;
[xUnit.net 00:00:01.35]         --- End of stack trace from previous location ---&#xD;
[xUnit.net 00:00:01.35]       Assert.Equal() Failure: Values differ&#xD;
[xUnit.net 00:00:01.35]       Expected: 90.30&#xD;
[xUnit.net 00:00:01.35]       Actual:   0&#xD;
[xUnit.net 00:00:01.35]       Stack Trace:&#xD;
[xUnit.net 00:00:01.35]         C:\Users\crist\source\InventoryApp2\InventoryApp\backend\InventoryApi.Tests\Services\ReportingServiceTests.cs(940,0): at InventoryApi.Tests.Services.ReportingServiceTests.Reconciliation_matches_reimbursement_device_to_selected_machine()&#xD;
[xUnit.net 00:00:01.35]         --- End of stack trace from previous location ---&#xD;
[xUnit.net 00:00:01.35]       Assert.False() Failure&#xD;
[xUnit.net 00:00:01.35]       Expected: False&#xD;
[xUnit.net 00:00:01.35]       Actual:   True&#xD;
[xUnit.net 00:00:01.35]       Stack Trace:&#xD;
[xUnit.net 00:00:01.35]         C:\Users\crist\source\InventoryApp2\InventoryApp\backend\InventoryApi.Tests\Services\ReportingServiceTests.cs(890,0): at InventoryApi.Tests.Services.ReportingServiceTests.Reconciliation_flags_period_mismatch()&#xD;
[xUnit.net 00:00:01.35]         --- End of stack trace from previous location ---&#xD;
[xUnit.net 00:00:01.42]   Finished:    InventoryApi.Tests&#xD;
</StdOut>
    </Output>
    <RunInfos>
      <RunInfo computerName="HOME-PC" outcome="Error" timestamp="2026-09-10T10:34:10.1030680+10:00">
        <Text>[xUnit.net 00:00:00.60]     InventoryApi.Tests.Services.SiteServiceTests.Site_summary_aggregates_all_machines_and_separates_low_and_empty_products [FAIL]</Text>
      </RunInfo>
      <RunInfo computerName="HOME-PC" outcome="Error" timestamp="2026-09-10T10:34:10.1067158+10:00">
        <Text>[xUnit.net 00:00:00.60]     InventoryApi.Tests.Services.ReceiptServiceTests.ComputeValidation_no_mismatch_when_totals_match [FAIL]</Text>
      </RunInfo>
      <RunInfo computerName="HOME-PC" outcome="Error" timestamp="2026-09-10T10:34:10.1073799+10:00">
        <Text>[xUnit.net 00:00:00.61]     InventoryApi.Tests.Services.InventoryCostRebuildServiceTests.Rebuild_applies_cost_only_purchase_edit [FAIL]</Text>
      </RunInfo>
      <RunInfo computerName="HOME-PC" outcome="Error" timestamp="2026-09-10T10:34:10.1144597+10:00">
        <Text>[xUnit.net 00:00:00.61]     InventoryApi.Tests.Services.NayaxTransactionStatusTests.Historical_cost_is_stable_after_a_later_purchase [FAIL]</Text>
      </RunInfo>
      <RunInfo computerName="HOME-PC" outcome="Error" timestamp="2026-09-10T10:34:10.1145633+10:00">
        <Text>[xUnit.net 00:00:00.61]     InventoryApi.Tests.Services.StockServiceTests.Adjust_Increases_Quantity_And_Creates_Adjustment [FAIL]</Text>
      </RunInfo>
      <RunInfo computerName="HOME-PC" outcome="Error" timestamp="2026-09-10T10:34:10.1146501+10:00">
        <Text>[xUnit.net 00:00:00.61]     InventoryApi.Tests.Services.StockServiceTests.Positive_adjustment_without_cost_does_not_invent_average_cost [FAIL]</Text>
      </RunInfo>
      <RunInfo computerName="HOME-PC" outcome="Error" timestamp="2026-09-10T10:34:10.1147407+10:00">
        <Text>[xUnit.net 00:00:00.61]     InventoryApi.Tests.Services.NayaxTransactionStatusTests.Completed_sale_is_costed_from_historical_receipt_movement [FAIL]</Text>
      </RunInfo>
      <RunInfo computerName="HOME-PC" outcome="Error" timestamp="2026-09-10T10:34:10.1153201+10:00">
        <Text>[xUnit.net 00:00:00.61]     InventoryApi.Tests.Services.StockServiceTests.Machine_refill_decreases_stock_without_changing_average_cost [FAIL]</Text>
      </RunInfo>
      <RunInfo computerName="HOME-PC" outcome="Error" timestamp="2026-09-10T10:34:10.1178224+10:00">
        <Text>[xUnit.net 00:00:00.62]     InventoryApi.Tests.Services.InventoryCostRebuildServiceTests.Rebuild_historical_purchase_change_recosts_later_sales_and_purchases [FAIL]</Text>
      </RunInfo>
      <RunInfo computerName="HOME-PC" outcome="Error" timestamp="2026-09-10T10:34:10.1205023+10:00">
        <Text>[xUnit.net 00:00:00.62]     InventoryApi.Tests.Services.InventoryCostRebuildServiceTests.Rebuild_consumes_completed_sales_and_recosts_from_changed_date [FAIL]</Text>
      </RunInfo>
      <RunInfo computerName="HOME-PC" outcome="Error" timestamp="2026-09-10T10:34:10.1217522+10:00">
        <Text>[xUnit.net 00:00:00.62]     InventoryApi.Tests.Services.ReceiptServiceTests.Upload_uses_weighted_average_cost_and_records_cost_ledger [FAIL]</Text>
      </RunInfo>
      <RunInfo computerName="HOME-PC" outcome="Error" timestamp="2026-09-10T10:34:10.1221928+10:00">
        <Text>[xUnit.net 00:00:00.62]     InventoryApi.Tests.Services.InventoryCostRebuildServiceTests.Rebuild_keeps_machine_refills_out_of_business_cost_quantity [FAIL]</Text>
      </RunInfo>
      <RunInfo computerName="HOME-PC" outcome="Error" timestamp="2026-09-10T10:34:10.1244801+10:00">
        <Text>[xUnit.net 00:00:00.62]     InventoryApi.Tests.Services.InventoryCostRebuildServiceTests.Rebuild_only_consumes_sales_when_machine_refills_precede_sales [FAIL]</Text>
      </RunInfo>
      <RunInfo computerName="HOME-PC" outcome="Error" timestamp="2026-09-10T10:34:10.1502981+10:00">
        <Text>[xUnit.net 00:00:00.65]     InventoryApi.Tests.Services.ReportingServiceTests.Bookkeeping_net_profit_deducts_receipt_operating_costs [FAIL]</Text>
      </RunInfo>
      <RunInfo computerName="HOME-PC" outcome="Error" timestamp="2026-09-10T10:34:10.1682983+10:00">
        <Text>[xUnit.net 00:00:00.67]     InventoryApi.Tests.Services.ReceiptServiceTests.Update_and_delete_receipt_maintain_linked_purchase_movement_without_reversal [FAIL]</Text>
      </RunInfo>
      <RunInfo computerName="HOME-PC" outcome="Error" timestamp="2026-09-10T10:34:10.1834061+10:00">
        <Text>[xUnit.net 00:00:00.68]     InventoryApi.Tests.Services.ReceiptServiceTests.Upload_Posts_receipt_items_to_storage_without_machine_refill [FAIL]</Text>
      </RunInfo>
      <RunInfo computerName="HOME-PC" outcome="Error" timestamp="2026-09-10T10:34:10.2014742+10:00">
        <Text>[xUnit.net 00:00:00.70]     InventoryApi.Tests.Services.ReceiptServiceTests.ComputeValidation_detects_total_mismatch [FAIL]</Text>
      </RunInfo>
      <RunInfo computerName="HOME-PC" outcome="Error" timestamp="2026-09-10T10:34:10.2096529+10:00">
        <Text>[xUnit.net 00:00:00.71]     InventoryApi.Tests.Services.ReceiptServiceTests.Upload_preserves_user_notes_when_total_mismatches [FAIL]</Text>
      </RunInfo>
      <RunInfo computerName="HOME-PC" outcome="Error" timestamp="2026-09-10T10:34:10.2157388+10:00">
        <Text>[xUnit.net 00:00:00.71]     InventoryApi.Tests.Services.ReceiptServiceTests.Update_preserves_user_notes_and_computes_validation [FAIL]</Text>
      </RunInfo>
      <RunInfo computerName="HOME-PC" outcome="Error" timestamp="2026-09-10T10:34:10.2369645+10:00">
        <Text>[xUnit.net 00:00:00.73]     InventoryApi.Tests.Services.ReportingServiceTests.Reconciliation_exposes_sales_fee_and_settlement_breakdown [FAIL]</Text>
      </RunInfo>
      <RunInfo computerName="HOME-PC" outcome="Error" timestamp="2026-09-10T10:34:10.2485612+10:00">
        <Text>[xUnit.net 00:00:00.75]     InventoryApi.Tests.Services.ReportingServiceTests.Reconciliation_matches_period_and_applies_tolerance [FAIL]</Text>
      </RunInfo>
      <RunInfo computerName="HOME-PC" outcome="Error" timestamp="2026-09-10T10:34:10.2868068+10:00">
        <Text>[xUnit.net 00:00:00.78]     InventoryApi.Tests.Services.ReportingServiceTests.Daily_report_includes_payment_split_cogs_quality_and_period_reimbursement [FAIL]</Text>
      </RunInfo>
      <RunInfo computerName="HOME-PC" outcome="Error" timestamp="2026-09-10T10:34:10.8202646+10:00">
        <Text>[xUnit.net 00:00:01.32]     InventoryApi.Tests.Services.ReportingServiceTests.Date_and_machine_filters_are_inclusive_and_machine_specific [FAIL]</Text>
      </RunInfo>
      <RunInfo computerName="HOME-PC" outcome="Error" timestamp="2026-09-10T10:34:10.8240747+10:00">
        <Text>[xUnit.net 00:00:01.32]     InventoryApi.Tests.Services.ReportingServiceTests.Product_profitability_uses_decimal_cost_and_zero_safe_margin [FAIL]</Text>
      </RunInfo>
      <RunInfo computerName="HOME-PC" outcome="Error" timestamp="2026-09-10T10:34:10.8287515+10:00">
        <Text>[xUnit.net 00:00:01.33]     InventoryApi.Tests.Services.ReportingServiceTests.Commission_configuration_failures_make_financial_reports_provisional(overlaps: False, expectedWarning: "Commission agreements exist") [FAIL]</Text>
      </RunInfo>
      <RunInfo computerName="HOME-PC" outcome="Error" timestamp="2026-09-10T10:34:10.8484082+10:00">
        <Text>[xUnit.net 00:00:01.35]     InventoryApi.Tests.Services.ReportingServiceTests.Bookkeeping_and_gst_use_centralised_decimal_formulas [FAIL]</Text>
      </RunInfo>
      <RunInfo computerName="HOME-PC" outcome="Error" timestamp="2026-09-10T10:34:10.8546639+10:00">
        <Text>[xUnit.net 00:00:01.35]     InventoryApi.Tests.Services.ReportingServiceTests.Reconciliation_matches_reimbursement_device_to_selected_machine [FAIL]</Text>
      </RunInfo>
      <RunInfo computerName="HOME-PC" outcome="Error" timestamp="2026-09-10T10:34:10.8568259+10:00">
        <Text>[xUnit.net 00:00:01.35]     InventoryApi.Tests.Services.ReportingServiceTests.Reconciliation_flags_period_mismatch [FAIL]</Text>
      </RunInfo>
    </RunInfos>
  </ResultSummary>
</TestRun>