<?xml version="1.0" encoding="utf-8"?>
<TestRun id="25abd8ed-98bd-48cc-b79b-3da2b6dea6a0" name="crist@HOME-PC 2026-09-10 10:37:23" runUser="HOME-PC\crist" xmlns="http://microsoft.com/schemas/VisualStudio/TeamTest/2010">
  <Times creation="2026-09-10T10:37:23.2292755+10:00" queuing="2026-09-10T10:37:23.2292756+10:00" start="2026-09-10T10:37:22.0273664+10:00" finish="2026-09-10T10:37:23.2376305+10:00" />
  <TestSettings name="default" id="90e3c37b-a72e-4205-86ef-f1b5740c6de8">
    <Deployment runDeploymentRoot="crist_HOME-PC_2026-09-10_10_37_23" />
  </TestSettings>
  <Results>
    <UnitTestResult executionId="2dec7b40-550a-4aee-aff8-db94f588a0ca" testId="072c36d1-2eb8-3b53-0e07-91cf45f99145" testName="InventoryApi.Tests.Services.ReportingServiceTests.Bookkeeping_and_gst_use_centralised_decimal_formulas" computerName="HOME-PC" duration="00:00:00.0043512" startTime="2026-09-10T10:37:23.1764550+10:00" endTime="2026-09-10T10:37:23.1764551+10:00" testType="13cdc9d9-ddb5-4fa4-a97d-d965ccfc6d4b" outcome="Failed" testListId="8c84fa94-04c1-424b-9868-57a2d4851a1d" relativeResultsDirectory="2dec7b40-550a-4aee-aff8-db94f588a0ca">
      <Output>
        <ErrorInfo>
          <Message>Assert.Equal() Failure: Values differ&#xD;
Expected: 1&#xD;
Actual:   0</Message>
          <StackTrace>   at InventoryApi.Tests.Services.ReportingServiceTests.Bookkeeping_and_gst_use_centralised_decimal_formulas() in C:\Users\crist\source\InventoryApp2\InventoryApp\backend\InventoryApi.Tests\Services\ReportingServiceTests.cs:line 507&#xD;
--- End of stack trace from previous location ---</StackTrace>
        </ErrorInfo>
      </Output>
    </UnitTestResult>
    <UnitTestResult executionId="b59738b6-e816-4f3c-b02e-90eb79ea030c" testId="a03ac28f-c28b-f8a3-89eb-880e99a04530" testName="InventoryApi.Tests.Services.ReportingServiceTests.Bookkeeping_net_profit_deducts_receipt_operating_costs" computerName="HOME-PC" duration="00:00:00.5797252" startTime="2026-09-10T10:37:23.0036190+10:00" endTime="2026-09-10T10:37:23.0036857+10:00" testType="13cdc9d9-ddb5-4fa4-a97d-d965ccfc6d4b" outcome="Failed" testListId="8c84fa94-04c1-424b-9868-57a2d4851a1d" relativeResultsDirectory="b59738b6-e816-4f3c-b02e-90eb79ea030c">
      <Output>
        <ErrorInfo>
          <Message>Assert.Equal() Failure: Values differ&#xD;
Expected: 5&#xD;
Actual:   0</Message>
          <StackTrace>   at InventoryApi.Tests.Services.ReportingServiceTests.Bookkeeping_net_profit_deducts_receipt_operating_costs() in C:\Users\crist\source\InventoryApp2\InventoryApp\backend\InventoryApi.Tests\Services\ReportingServiceTests.cs:line 535&#xD;
--- End of stack trace from previous location ---</StackTrace>
        </ErrorInfo>
      </Output>
    </UnitTestResult>
    <UnitTestResult executionId="dd06df98-c044-4a94-b2ef-34bdfd2f0720" testId="65e83593-56dd-77c0-44a5-9875604989d9" testName="InventoryApi.Tests.Services.ReportingServiceTests.Daily_report_includes_payment_split_cogs_quality_and_period_reimbursement" computerName="HOME-PC" duration="00:00:00.1407697" startTime="2026-09-10T10:37:23.1412797+10:00" endTime="2026-09-10T10:37:23.1412797+10:00" testType="13cdc9d9-ddb5-4fa4-a97d-d965ccfc6d4b" outcome="Passed" testListId="8c84fa94-04c1-424b-9868-57a2d4851a1d" relativeResultsDirectory="dd06df98-c044-4a94-b2ef-34bdfd2f0720" />
    <UnitTestResult executionId="16b62f9a-463f-4b91-a5b0-c3eeb466be08" testId="39414029-dd4c-b0b8-51cc-fe062e7dd7ff" testName="InventoryApi.Tests.Services.ReportingServiceTests.Product_profitability_uses_decimal_cost_and_zero_safe_margin" computerName="HOME-PC" duration="00:00:00.0305094" startTime="2026-09-10T10:37:23.1714934+10:00" endTime="2026-09-10T10:37:23.1714935+10:00" testType="13cdc9d9-ddb5-4fa4-a97d-d965ccfc6d4b" outcome="Passed" testListId="8c84fa94-04c1-424b-9868-57a2d4851a1d" relativeResultsDirectory="16b62f9a-463f-4b91-a5b0-c3eeb466be08" />
  </Results>
  <TestDefinitions>
    <UnitTest name="InventoryApi.Tests.Services.ReportingServiceTests.Product_profitability_uses_decimal_cost_and_zero_safe_margin" storage="c:\users\crist\source\inventoryapp2\inventoryapp\backend\inventoryapi.tests\bin\release\net10.0\inventoryapi.tests.dll" id="39414029-dd4c-b0b8-51cc-fe062e7dd7ff">
      <Execution id="16b62f9a-463f-4b91-a5b0-c3eeb466be08" />
      <TestMethod codeBase="C:\Users\crist\source\InventoryApp2\InventoryApp\backend\InventoryApi.Tests\bin\Release\net10.0\InventoryApi.Tests.dll" adapterTypeName="executor://xunit/VsTestRunner2/netcoreapp" className="InventoryApi.Tests.Services.ReportingServiceTests" name="Product_profitability_uses_decimal_cost_and_zero_safe_margin" />
    </UnitTest>
    <UnitTest name="InventoryApi.Tests.Services.ReportingServiceTests.Bookkeeping_and_gst_use_centralised_decimal_formulas" storage="c:\users\crist\source\inventoryapp2\inventoryapp\backend\inventoryapi.tests\bin\release\net10.0\inventoryapi.tests.dll" id="072c36d1-2eb8-3b53-0e07-91cf45f99145">
      <Execution id="2dec7b40-550a-4aee-aff8-db94f588a0ca" />
      <TestMethod codeBase="C:\Users\crist\source\InventoryApp2\InventoryApp\backend\InventoryApi.Tests\bin\Release\net10.0\InventoryApi.Tests.dll" adapterTypeName="executor://xunit/VsTestRunner2/netcoreapp" className="InventoryApi.Tests.Services.ReportingServiceTests" name="Bookkeeping_and_gst_use_centralised_decimal_formulas" />
    </UnitTest>
    <UnitTest name="InventoryApi.Tests.Services.ReportingServiceTests.Bookkeeping_net_profit_deducts_receipt_operating_costs" storage="c:\users\crist\source\inventoryapp2\inventoryapp\backend\inventoryapi.tests\bin\release\net10.0\inventoryapi.tests.dll" id="a03ac28f-c28b-f8a3-89eb-880e99a04530">
      <Execution id="b59738b6-e816-4f3c-b02e-90eb79ea030c" />
      <TestMethod codeBase="C:\Users\crist\source\InventoryApp2\InventoryApp\backend\InventoryApi.Tests\bin\Release\net10.0\InventoryApi.Tests.dll" adapterTypeName="executor://xunit/VsTestRunner2/netcoreapp" className="InventoryApi.Tests.Services.ReportingServiceTests" name="Bookkeeping_net_profit_deducts_receipt_operating_costs" />
    </UnitTest>
    <UnitTest name="InventoryApi.Tests.Services.ReportingServiceTests.Daily_report_includes_payment_split_cogs_quality_and_period_reimbursement" storage="c:\users\crist\source\inventoryapp2\inventoryapp\backend\inventoryapi.tests\bin\release\net10.0\inventoryapi.tests.dll" id="65e83593-56dd-77c0-44a5-9875604989d9">
      <Execution id="dd06df98-c044-4a94-b2ef-34bdfd2f0720" />
      <TestMethod codeBase="C:\Users\crist\source\InventoryApp2\InventoryApp\backend\InventoryApi.Tests\bin\Release\net10.0\InventoryApi.Tests.dll" adapterTypeName="executor://xunit/VsTestRunner2/netcoreapp" className="InventoryApi.Tests.Services.ReportingServiceTests" name="Daily_report_includes_payment_split_cogs_quality_and_period_reimbursement" />
    </UnitTest>
  </TestDefinitions>
  <TestEntries>
    <TestEntry testId="072c36d1-2eb8-3b53-0e07-91cf45f99145" executionId="2dec7b40-550a-4aee-aff8-db94f588a0ca" testListId="8c84fa94-04c1-424b-9868-57a2d4851a1d" />
    <TestEntry testId="a03ac28f-c28b-f8a3-89eb-880e99a04530" executionId="b59738b6-e816-4f3c-b02e-90eb79ea030c" testListId="8c84fa94-04c1-424b-9868-57a2d4851a1d" />
    <TestEntry testId="65e83593-56dd-77c0-44a5-9875604989d9" executionId="dd06df98-c044-4a94-b2ef-34bdfd2f0720" testListId="8c84fa94-04c1-424b-9868-57a2d4851a1d" />
    <TestEntry testId="39414029-dd4c-b0b8-51cc-fe062e7dd7ff" executionId="16b62f9a-463f-4b91-a5b0-c3eeb466be08" testListId="8c84fa94-04c1-424b-9868-57a2d4851a1d" />
  </TestEntries>
  <TestLists>
    <TestList name="Results Not in a List" id="8c84fa94-04c1-424b-9868-57a2d4851a1d" />
    <TestList name="All Loaded Results" id="19431567-8539-422a-85d7-44ee4e166bda" />
  </TestLists>
  <ResultSummary outcome="Failed">
    <Counters total="4" executed="4" passed="2" failed="2" error="0" timeout="0" aborted="0" inconclusive="0" passedButRunAborted="0" notRunnable="0" notExecuted="0" disconnected="0" warning="0" completed="0" inProgress="0" pending="0" />
    <Output>
      <StdOut>[xUnit.net 00:00:00.00] xUnit.net VSTest Adapter v2.5.3.1+6b60a9e56a (64-bit .NET 10.0.12)&#xD;
[xUnit.net 00:00:00.05]   Discovering: InventoryApi.Tests&#xD;
[xUnit.net 00:00:00.09]   Discovered:  InventoryApi.Tests&#xD;
[xUnit.net 00:00:00.09]   Starting:    InventoryApi.Tests&#xD;
[xUnit.net 00:00:00.70]       Assert.Equal() Failure: Values differ&#xD;
[xUnit.net 00:00:00.70]       Expected: 5&#xD;
[xUnit.net 00:00:00.70]       Actual:   0&#xD;
[xUnit.net 00:00:00.70]       Stack Trace:&#xD;
[xUnit.net 00:00:00.70]         C:\Users\crist\source\InventoryApp2\InventoryApp\backend\InventoryApi.Tests\Services\ReportingServiceTests.cs(535,0): at InventoryApi.Tests.Services.ReportingServiceTests.Bookkeeping_net_profit_deducts_receipt_operating_costs()&#xD;
[xUnit.net 00:00:00.70]         --- End of stack trace from previous location ---&#xD;
[xUnit.net 00:00:00.88]       Assert.Equal() Failure: Values differ&#xD;
[xUnit.net 00:00:00.88]       Expected: 1&#xD;
[xUnit.net 00:00:00.88]       Actual:   0&#xD;
[xUnit.net 00:00:00.88]       Stack Trace:&#xD;
[xUnit.net 00:00:00.88]         C:\Users\crist\source\InventoryApp2\InventoryApp\backend\InventoryApi.Tests\Services\ReportingServiceTests.cs(507,0): at InventoryApi.Tests.Services.ReportingServiceTests.Bookkeeping_and_gst_use_centralised_decimal_formulas()&#xD;
[xUnit.net 00:00:00.88]         --- End of stack trace from previous location ---&#xD;
[xUnit.net 00:00:00.88]   Finished:    InventoryApi.Tests&#xD;
</StdOut>
    </Output>
    <RunInfos>
      <RunInfo computerName="HOME-PC" outcome="Error" timestamp="2026-09-10T10:37:23.0019395+10:00">
        <Text>[xUnit.net 00:00:00.70]     InventoryApi.Tests.Services.ReportingServiceTests.Bookkeeping_net_profit_deducts_receipt_operating_costs [FAIL]</Text>
      </RunInfo>
      <RunInfo computerName="HOME-PC" outcome="Error" timestamp="2026-09-10T10:37:23.1763762+10:00">
        <Text>[xUnit.net 00:00:00.88]     InventoryApi.Tests.Services.ReportingServiceTests.Bookkeeping_and_gst_use_centralised_decimal_formulas [FAIL]</Text>
      </RunInfo>
    </RunInfos>
  </ResultSummary>
</TestRun>