<?xml version="1.0" encoding="utf-8"?>
<TestRun id="e04fd4a7-2943-416b-88e5-4eac1442307a" name="crist@HOME-PC 2026-09-10 10:39:02" runUser="HOME-PC\crist" xmlns="http://microsoft.com/schemas/VisualStudio/TeamTest/2010">
  <Times creation="2026-09-10T10:39:02.4149461+10:00" queuing="2026-09-10T10:39:02.4149463+10:00" start="2026-09-10T10:39:01.4014509+10:00" finish="2026-09-10T10:39:02.4177055+10:00" />
  <TestSettings name="default" id="9a7d1518-3fd9-4fcc-a024-df5571fd0b32">
    <Deployment runDeploymentRoot="crist_HOME-PC_2026-09-10_10_39_02" />
  </TestSettings>
  <Results>
    <UnitTestResult executionId="df002c44-e3de-49cb-a79c-d48db8329cbb" testId="a03ac28f-c28b-f8a3-89eb-880e99a04530" testName="InventoryApi.Tests.Services.ReportingServiceTests.Bookkeeping_net_profit_deducts_receipt_operating_costs" computerName="HOME-PC" duration="00:00:00.5688950" startTime="2026-09-10T10:39:02.3617470+10:00" endTime="2026-09-10T10:39:02.3617909+10:00" testType="13cdc9d9-ddb5-4fa4-a97d-d965ccfc6d4b" outcome="Passed" testListId="8c84fa94-04c1-424b-9868-57a2d4851a1d" relativeResultsDirectory="df002c44-e3de-49cb-a79c-d48db8329cbb" />
  </Results>
  <TestDefinitions>
    <UnitTest name="InventoryApi.Tests.Services.ReportingServiceTests.Bookkeeping_net_profit_deducts_receipt_operating_costs" storage="c:\users\crist\source\inventoryapp2\inventoryapp\backend\inventoryapi.tests\bin\release\net10.0\inventoryapi.tests.dll" id="a03ac28f-c28b-f8a3-89eb-880e99a04530">
      <Execution id="df002c44-e3de-49cb-a79c-d48db8329cbb" />
      <TestMethod codeBase="C:\Users\crist\source\InventoryApp2\InventoryApp\backend\InventoryApi.Tests\bin\Release\net10.0\InventoryApi.Tests.dll" adapterTypeName="executor://xunit/VsTestRunner2/netcoreapp" className="InventoryApi.Tests.Services.ReportingServiceTests" name="Bookkeeping_net_profit_deducts_receipt_operating_costs" />
    </UnitTest>
  </TestDefinitions>
  <TestEntries>
    <TestEntry testId="a03ac28f-c28b-f8a3-89eb-880e99a04530" executionId="df002c44-e3de-49cb-a79c-d48db8329cbb" testListId="8c84fa94-04c1-424b-9868-57a2d4851a1d" />
  </TestEntries>
  <TestLists>
    <TestList name="Results Not in a List" id="8c84fa94-04c1-424b-9868-57a2d4851a1d" />
    <TestList name="All Loaded Results" id="19431567-8539-422a-85d7-44ee4e166bda" />
  </TestLists>
  <ResultSummary outcome="Completed">
    <Counters total="1" executed="1" passed="1" failed="0" error="0" timeout="0" aborted="0" inconclusive="0" passedButRunAborted="0" notRunnable="0" notExecuted="0" disconnected="0" warning="0" completed="0" inProgress="0" pending="0" />
    <Output>
      <StdOut>[xUnit.net 00:00:00.00] xUnit.net VSTest Adapter v2.5.3.1+6b60a9e56a (64-bit .NET 10.0.12)&#xD;
[xUnit.net 00:00:00.05]   Discovering: InventoryApi.Tests&#xD;
[xUnit.net 00:00:00.09]   Discovered:  InventoryApi.Tests&#xD;
[xUnit.net 00:00:00.09]   Starting:    InventoryApi.Tests&#xD;
[xUnit.net 00:00:00.69]   Finished:    InventoryApi.Tests&#xD;
</StdOut>
    </Output>
  </ResultSummary>
</TestRun>